<?xml version="1.0" encoding="UTF-8" ?>
<testsuite tests="5" failures="0" name="com.atguigu.crowd.test.CrowdTest" time="0.009" errors="5" skipped="0">
  <properties>
[...]
</properties>
  <testcase classname="com.atguigu.crowd.test.CrowdTest" name="test" time="0.003">
    <error message="Failed to load ApplicationContext" type="java.lang.IllegalStateException">java.lang.IllegalStateException: Failed to load ApplicationContext
	at org.springframework.test.context.cache.DefaultCacheAwareContextLoaderDelegate.loadContext(DefaultCacheAwareContextLoaderDelegate.java:124)
	at org.springframework.test.context.support.DefaultTestContext.getApplicationContext(DefaultTestContext.java:83)
	at org.springframework.test.context.support.DependencyInjectionTestExecutionListener.injectDependencies(DependencyInjectionTestExecutionListener.java:117)
	at org.springframework.test.context.support.DependencyInjectionTestExecutionListener.prepareTestInstance(DependencyInjectionTestExecutionListener.java:83)
	at org.springframework.test.context.TestContextManager.prepareTestInstance(TestContextManager.java:230)
	at org.springframework.test.context.junit4.SpringJUnit4ClassRunner.createTest(SpringJUnit4ClassRunner.java:228)
	at org.springframework.test.context.junit4.SpringJUnit4ClassRunner$1.runReflectiveCall(SpringJUnit4ClassRunner.java:287)
	at org.junit.internal.runners.model.ReflectiveCallable.run(ReflectiveCallable.java:12)
	at org.springframework.test.context.junit4.SpringJUnit4ClassRunner.methodBlock(SpringJUnit4ClassRunner.java:289)
	at org.springframework.test.context.junit4.SpringJUnit4ClassRunner.runChild(SpringJUnit4ClassRunner.java:247)
	at org.springframework.test.context.junit4.SpringJUnit4ClassRunner.runChild(SpringJUnit4ClassRunner.java:94)
	at org.junit.runners.ParentRunner$3.run(ParentRunner.java:290)
	at org.junit.runners.ParentRunner$1.schedule(ParentRunner.java:71)
	at org.junit.runners.ParentRunner.runChildren(ParentRunner.java:288)
	at org.junit.runners.ParentRunner.access$000(ParentRunner.java:58)
	at org.junit.runners.ParentRunner$2.evaluate(ParentRunner.java:268)
	at org.springframework.test.context.junit4.statements.RunBeforeTestClassCallbacks.evaluate(RunBeforeTestClassCallbacks.java:61)
	at org.springframework.test.context.junit4.statements.RunAfterTestClassCallbacks.evaluate(RunAfterTestClassCallbacks.java:70)
	at org.junit.runners.ParentRunner.run(ParentRunner.java:363)
	at org.springframework.test.context.junit4.SpringJUnit4ClassRunner.run(SpringJUnit4ClassRunner.java:191)
	at org.apache.maven.surefire.junit4.JUnit4Provider.execute(JUnit4Provider.java:252)
	at org.apache.maven.surefire.junit4.JUnit4Provider.executeTestSet(JUnit4Provider.java:141)
	at org.apache.maven.surefire.junit4.JUnit4Provider.invoke(JUnit4Provider.java:112)
	at java.base/jdk.internal.reflect.NativeMethodAccessorImpl.invoke0(Native Method)
	at java.base/jdk.internal.reflect.NativeMethodAccessorImpl.invoke(NativeMethodAccessorImpl.java:77)
	at java.base/jdk.internal.reflect.DelegatingMethodAccessorImpl.invoke(DelegatingMethodAccessorImpl.java:43)
	at java.base/java.lang.reflect.Method.invoke(Method.java:568)
	at org.apache.maven.surefire.util.ReflectionUtils.invokeMethodWithArray(ReflectionUtils.java:189)
	at org.apache.maven.surefire.booter.ProviderFactory$ProviderProxy.invoke(ProviderFactory.java:165)
	at org.apache.maven.surefire.booter.ProviderFactory.invokeProvider(ProviderFactory.java:85)
	at org.apache.maven.surefire.booter.ForkedBooter.runSuitesInProcess(ForkedBooter.java:115)
	at org.apache.maven.surefire.booter.ForkedBooter.main(ForkedBooter.java:75)
Caused by: org.springframework.beans.factory.BeanCreationException: Error creating bean with name &apos;sqlSessionFactoryBean&apos; defined in class path resource [spring-persist-mybatis.xml]: Invocation of init method failed; nested exception is org.springframework.core.NestedIOException: Failed to parse mapping resource: &apos;file [/Users/dobi/Desktop/SCW/atcrowdfunding01-admin-parent/atcrowdfunding02-admin-webui/target/classes/mybatis/mapper/AdminMapper.xml]&apos;; nested exception is org.apache.ibatis.builder.BuilderException: Error parsing Mapper XML. Cause: org.apache.ibatis.builder.BuilderException: Error resolving class. Cause: org.apache.ibatis.type.TypeException: Could not resolve type alias &apos;com.welisit.crowd.entity.Admin&apos;.  Cause: java.lang.ClassNotFoundException: Cannot find class: com.welisit.crowd.entity.Admin
	at org.springframework.beans.factory.support.AbstractAutowireCapableBeanFactory.initializeBean(AbstractAutowireCapableBeanFactory.java:1631)
	at org.springframework.beans.factory.support.AbstractAutowireCapableBeanFactory.doCreateBean(AbstractAutowireCapableBeanFactory.java:553)
	at org.springframework.beans.factory.support.AbstractAutowireCapableBeanFactory.createBean(AbstractAutowireCapableBeanFactory.java:481)
	at org.springframework.beans.factory.support.AbstractBeanFactory$1.getObject(AbstractBeanFactory.java:312)
	at org.springframework.beans.factory.support.DefaultSingletonBeanRegistry.getSingleton(DefaultSingletonBeanRegistry.java:230)
	at org.springframework.beans.factory.support.AbstractBeanFactory.doGetBean(AbstractBeanFactory.java:308)
	at org.springframework.beans.factory.support.AbstractBeanFactory.getBean(AbstractBeanFactory.java:197)
	at org.springframework.beans.factory.support.DefaultListableBeanFactory.preInstantiateSingletons(DefaultListableBeanFactory.java:742)
	at org.springframework.context.support.AbstractApplicationContext.finishBeanFactoryInitialization(AbstractApplicationContext.java:867)
	at org.springframework.context.support.AbstractApplicationContext.refresh(AbstractApplicationContext.java:543)
	at org.springframework.test.context.support.AbstractGenericContextLoader.loadContext(AbstractGenericContextLoader.java:128)
	at org.springframework.test.context.support.AbstractGenericContextLoader.loadContext(AbstractGenericContextLoader.java:60)
	at org.springframework.test.context.support.AbstractDelegatingSmartContextLoader.delegateLoading(AbstractDelegatingSmartContextLoader.java:281)
	at org.springframework.test.context.support.AbstractDelegatingSmartContextLoader.loadContext(AbstractDelegatingSmartContextLoader.java:249)
	at org.springframework.test.context.cache.DefaultCacheAwareContextLoaderDelegate.loadContextInternal(DefaultCacheAwareContextLoaderDelegate.java:98)
	at org.springframework.test.context.cache.DefaultCacheAwareContextLoaderDelegate.loadContext(DefaultCacheAwareContextLoaderDelegate.java:116)
	... 31 more
Caused by: org.springframework.core.NestedIOException: Failed to parse mapping resource: &apos;file [/Users/dobi/Desktop/SCW/atcrowdfunding01-admin-parent/atcrowdfunding02-admin-webui/target/classes/mybatis/mapper/AdminMapper.xml]&apos;; nested exception is org.apache.ibatis.builder.BuilderException: Error parsing Mapper XML. Cause: org.apache.ibatis.builder.BuilderException: Error resolving class. Cause: org.apache.ibatis.type.TypeException: Could not resolve type alias &apos;com.welisit.crowd.entity.Admin&apos;.  Cause: java.lang.ClassNotFoundException: Cannot find class: com.welisit.crowd.entity.Admin
	at org.mybatis.spring.SqlSessionFactoryBean.buildSqlSessionFactory(SqlSessionFactoryBean.java:466)
	at org.mybatis.spring.SqlSessionFactoryBean.afterPropertiesSet(SqlSessionFactoryBean.java:340)
	at org.springframework.beans.factory.support.AbstractAutowireCapableBeanFactory.invokeInitMethods(AbstractAutowireCapableBeanFactory.java:1689)
	at org.springframework.beans.factory.support.AbstractAutowireCapableBeanFactory.initializeBean(AbstractAutowireCapableBeanFactory.java:1627)
	... 46 more
Caused by: org.apache.ibatis.builder.BuilderException: Error parsing Mapper XML. Cause: org.apache.ibatis.builder.BuilderException: Error resolving class. Cause: org.apache.ibatis.type.TypeException: Could not resolve type alias &apos;com.welisit.crowd.entity.Admin&apos;.  Cause: java.lang.ClassNotFoundException: Cannot find class: com.welisit.crowd.entity.Admin
	at org.apache.ibatis.builder.xml.XMLMapperBuilder.configurationElement(XMLMapperBuilder.java:120)
	at org.apache.ibatis.builder.xml.XMLMapperBuilder.parse(XMLMapperBuilder.java:92)
	at org.mybatis.spring.SqlSessionFactoryBean.buildSqlSessionFactory(SqlSessionFactoryBean.java:464)
	... 49 more
Caused by: org.apache.ibatis.builder.BuilderException: Error resolving class. Cause: org.apache.ibatis.type.TypeException: Could not resolve type alias &apos;com.welisit.crowd.entity.Admin&apos;.  Cause: java.lang.ClassNotFoundException: Cannot find class: com.welisit.crowd.entity.Admin
	at org.apache.ibatis.builder.BaseBuilder.resolveClass(BaseBuilder.java:103)
	at org.apache.ibatis.builder.xml.XMLMapperBuilder.resultMapElement(XMLMapperBuilder.java:264)
	at org.apache.ibatis.builder.xml.XMLMapperBuilder.resultMapElement(XMLMapperBuilder.java:251)
	at org.apache.ibatis.builder.xml.XMLMapperBuilder.resultMapElements(XMLMapperBuilder.java:243)
	at org.apache.ibatis.builder.xml.XMLMapperBuilder.configurationElement(XMLMapperBuilder.java:116)
	... 51 more
Caused by: org.apache.ibatis.type.TypeException: Could not resolve type alias &apos;com.welisit.crowd.entity.Admin&apos;.  Cause: java.lang.ClassNotFoundException: Cannot find class: com.welisit.crowd.entity.Admin
	at org.apache.ibatis.type.TypeAliasRegistry.resolveAlias(TypeAliasRegistry.java:117)
	at org.apache.ibatis.builder.BaseBuilder.resolveAlias(BaseBuilder.java:130)
	at org.apache.ibatis.builder.BaseBuilder.resolveClass(BaseBuilder.java:101)
	... 55 more
Caused by: java.lang.ClassNotFoundException: Cannot find class: com.welisit.crowd.entity.Admin
	at org.apache.ibatis.io.ClassLoaderWrapper.classForName(ClassLoaderWrapper.java:190)
	at org.apache.ibatis.io.ClassLoaderWrapper.classForName(ClassLoaderWrapper.java:89)
	at org.apache.ibatis.io.Resources.classForName(Resources.java:256)
	at org.apache.ibatis.type.TypeAliasRegistry.resolveAlias(TypeAliasRegistry.java:113)
	... 57 more
</error>
    <system-out>01:20:31,961 |-INFO in ch.qos.logback.classic.LoggerContext[default] - Could NOT find resource [logback-test.xml]
01:20:31,962 |-INFO in ch.qos.logback.classic.LoggerContext[default] - Could NOT find resource [logback.groovy]
01:20:31,962 |-INFO in ch.qos.logback.classic.LoggerContext[default] - Found resource [logback.xml] at [file:/Users/dobi/Desktop/SCW/atcrowdfunding01-admin-parent/atcrowdfunding02-admin-webui/target/classes/logback.xml]
01:20:32,024 |-INFO in ch.qos.logback.core.joran.action.AppenderAction - About to instantiate appender of type [ch.qos.logback.core.ConsoleAppender]
01:20:32,025 |-INFO in ch.qos.logback.core.joran.action.AppenderAction - Naming appender as [STDOUT]
01:20:32,028 |-INFO in ch.qos.logback.core.joran.action.NestedComplexPropertyIA - Assuming default type [ch.qos.logback.classic.encoder.PatternLayoutEncoder] for [encoder] property
01:20:32,036 |-INFO in ch.qos.logback.classic.joran.action.RootLoggerAction - Setting level of ROOT logger to DEBUG
01:20:32,036 |-INFO in ch.qos.logback.core.joran.action.AppenderRefAction - Attaching appender named [STDOUT] to Logger[ROOT]
01:20:32,037 |-INFO in ch.qos.logback.classic.joran.action.LoggerAction - Setting level of logger [com.welisit.crowd.mapper] to DEBUG
01:20:32,037 |-INFO in ch.qos.logback.classic.joran.action.ConfigurationAction - End of configuration.
01:20:32,037 |-INFO in ch.qos.logback.classic.joran.JoranConfigurator@25d250c6 - Registering current configuration as safe fallback point
[2023-09-04 01:20:32.047] [DEBUG] [main] [org.springframework.test.context.junit4.SpringJUnit4ClassRunner] [SpringJUnit4ClassRunner constructor called with [class com.atguigu.crowd.test.CrowdTest]]
[2023-09-04 01:20:32.048] [DEBUG] [main] [org.springframework.test.context.BootstrapUtils] [Instantiating CacheAwareContextLoaderDelegate from class [org.springframework.test.context.cache.DefaultCacheAwareContextLoaderDelegate]]
[2023-09-04 01:20:32.051] [DEBUG] [main] [org.springframework.test.context.BootstrapUtils] [Instantiating BootstrapContext using constructor [public org.springframework.test.context.support.DefaultBootstrapContext(java.lang.Class,org.springframework.test.context.CacheAwareContextLoaderDelegate)]]
[2023-09-04 01:20:32.055] [DEBUG] [main] [org.springframework.test.context.BootstrapUtils] [Instantiating TestContextBootstrapper for test class [com.atguigu.crowd.test.CrowdTest] from class [org.springframework.test.context.support.DefaultTestContextBootstrapper]]
[2023-09-04 01:20:32.064] [DEBUG] [main] [org.springframework.test.context.support.AbstractDelegatingSmartContextLoader] [Delegating to GenericXmlContextLoader to process context configuration [ContextConfigurationAttributes@4efbca5a declaringClass = &apos;com.atguigu.crowd.test.CrowdTest&apos;, classes = &apos;{}&apos;, locations = &apos;{classpath:spring-persist-mybatis.xml, classpath:spring-persist-tx.xml}&apos;, inheritLocations = true, initializers = &apos;{}&apos;, inheritInitializers = true, name = [null], contextLoaderClass = &apos;org.springframework.test.context.ContextLoader&apos;].]
[2023-09-04 01:20:32.069] [DEBUG] [main] [org.springframework.test.context.support.ActiveProfilesUtils] [Could not find an &apos;annotation declaring class&apos; for annotation type [org.springframework.test.context.ActiveProfiles] and class [com.atguigu.crowd.test.CrowdTest]]
[2023-09-04 01:20:32.070] [DEBUG] [main] [org.springframework.test.context.support.DefaultTestContextBootstrapper] [@TestExecutionListeners is not present for class [com.atguigu.crowd.test.CrowdTest]: using defaults.]
[2023-09-04 01:20:32.071] [INFO ] [main] [org.springframework.test.context.support.DefaultTestContextBootstrapper] [Loaded default TestExecutionListener class names from location [META-INF/spring.factories]: [org.springframework.test.context.web.ServletTestExecutionListener, org.springframework.test.context.support.DirtiesContextBeforeModesTestExecutionListener, org.springframework.test.context.support.DependencyInjectionTestExecutionListener, org.springframework.test.context.support.DirtiesContextTestExecutionListener, org.springframework.test.context.transaction.TransactionalTestExecutionListener, org.springframework.test.context.jdbc.SqlScriptsTestExecutionListener]]
[2023-09-04 01:20:32.077] [INFO ] [main] [org.springframework.test.context.support.DefaultTestContextBootstrapper] [Using TestExecutionListeners: [org.springframework.test.context.web.ServletTestExecutionListener@7d20d0b, org.springframework.test.context.support.DirtiesContextBeforeModesTestExecutionListener@77f1baf5, org.springframework.test.context.support.DependencyInjectionTestExecutionListener@41a2befb, org.springframework.test.context.support.DirtiesContextTestExecutionListener@6c40365c, org.springframework.test.context.transaction.TransactionalTestExecutionListener@7bedc48a, org.springframework.test.context.jdbc.SqlScriptsTestExecutionListener@131ef10]]
[2023-09-04 01:20:32.078] [DEBUG] [main] [org.springframework.test.annotation.ProfileValueUtils] [Retrieved @ProfileValueSourceConfiguration [null] for test class [com.atguigu.crowd.test.CrowdTest]]
[2023-09-04 01:20:32.078] [DEBUG] [main] [org.springframework.test.annotation.ProfileValueUtils] [Retrieved ProfileValueSource type [class org.springframework.test.annotation.SystemProfileValueSource] for class [com.atguigu.crowd.test.CrowdTest]]
[2023-09-04 01:20:32.078] [DEBUG] [main] [org.springframework.test.annotation.ProfileValueUtils] [Retrieved @ProfileValueSourceConfiguration [null] for test class [com.atguigu.crowd.test.CrowdTest]]
[2023-09-04 01:20:32.078] [DEBUG] [main] [org.springframework.test.annotation.ProfileValueUtils] [Retrieved ProfileValueSource type [class org.springframework.test.annotation.SystemProfileValueSource] for class [com.atguigu.crowd.test.CrowdTest]]
[2023-09-04 01:20:32.078] [DEBUG] [main] [org.springframework.test.context.support.AbstractDirtiesContextTestExecutionListener] [Before test class: context [DefaultTestContext@4988d8b8 testClass = CrowdTest, testInstance = [null], testMethod = [null], testException = [null], mergedContextConfiguration = [MergedContextConfiguration@c0c2f8d testClass = CrowdTest, locations = &apos;{classpath:spring-persist-mybatis.xml, classpath:spring-persist-tx.xml}&apos;, classes = &apos;{}&apos;, contextInitializerClasses = &apos;[]&apos;, activeProfiles = &apos;{}&apos;, propertySourceLocations = &apos;{}&apos;, propertySourceProperties = &apos;{}&apos;, contextCustomizers = set[[empty]], contextLoader = &apos;org.springframework.test.context.support.DelegatingSmartContextLoader&apos;, parent = [null]]], class annotated with @DirtiesContext [false] with mode [null].]
[2023-09-04 01:20:32.079] [DEBUG] [main] [org.springframework.test.annotation.ProfileValueUtils] [Retrieved @ProfileValueSourceConfiguration [null] for test class [com.atguigu.crowd.test.CrowdTest]]
[2023-09-04 01:20:32.079] [DEBUG] [main] [org.springframework.test.annotation.ProfileValueUtils] [Retrieved ProfileValueSource type [class org.springframework.test.annotation.SystemProfileValueSource] for class [com.atguigu.crowd.test.CrowdTest]]
[2023-09-04 01:20:32.079] [DEBUG] [main] [org.springframework.test.context.support.DependencyInjectionTestExecutionListener] [Performing dependency injection for test context [[DefaultTestContext@4988d8b8 testClass = CrowdTest, testInstance = com.atguigu.crowd.test.CrowdTest@79d8407f, testMethod = [null], testException = [null], mergedContextConfiguration = [MergedContextConfiguration@c0c2f8d testClass = CrowdTest, locations = &apos;{classpath:spring-persist-mybatis.xml, classpath:spring-persist-tx.xml}&apos;, classes = &apos;{}&apos;, contextInitializerClasses = &apos;[]&apos;, activeProfiles = &apos;{}&apos;, propertySourceLocations = &apos;{}&apos;, propertySourceProperties = &apos;{}&apos;, contextCustomizers = set[[empty]], contextLoader = &apos;org.springframework.test.context.support.DelegatingSmartContextLoader&apos;, parent = [null]]]].]
[2023-09-04 01:20:32.079] [DEBUG] [main] [org.springframework.test.context.support.AbstractDelegatingSmartContextLoader] [Delegating to GenericXmlContextLoader to load context from [MergedContextConfiguration@c0c2f8d testClass = CrowdTest, locations = &apos;{classpath:spring-persist-mybatis.xml, classpath:spring-persist-tx.xml}&apos;, classes = &apos;{}&apos;, contextInitializerClasses = &apos;[]&apos;, activeProfiles = &apos;{}&apos;, propertySourceLocations = &apos;{}&apos;, propertySourceProperties = &apos;{}&apos;, contextCustomizers = set[[empty]], contextLoader = &apos;org.springframework.test.context.support.DelegatingSmartContextLoader&apos;, parent = [null]].]
[2023-09-04 01:20:32.079] [DEBUG] [main] [org.springframework.test.context.support.AbstractGenericContextLoader] [Loading ApplicationContext for merged context configuration [[MergedContextConfiguration@c0c2f8d testClass = CrowdTest, locations = &apos;{classpath:spring-persist-mybatis.xml, classpath:spring-persist-tx.xml}&apos;, classes = &apos;{}&apos;, contextInitializerClasses = &apos;[]&apos;, activeProfiles = &apos;{}&apos;, propertySourceLocations = &apos;{}&apos;, propertySourceProperties = &apos;{}&apos;, contextCustomizers = set[[empty]], contextLoader = &apos;org.springframework.test.context.support.DelegatingSmartContextLoader&apos;, parent = [null]]].]
[2023-09-04 01:20:32.097] [DEBUG] [main] [org.springframework.core.env.StandardEnvironment] [Adding PropertySource &apos;systemProperties&apos; with lowest search precedence]
[2023-09-04 01:20:32.097] [DEBUG] [main] [org.springframework.core.env.StandardEnvironment] [Adding PropertySource &apos;systemEnvironment&apos; with lowest search precedence]
[2023-09-04 01:20:32.098] [DEBUG] [main] [org.springframework.core.env.StandardEnvironment] [Initialized StandardEnvironment with PropertySources [MapPropertySource@1687940142 {name=&apos;systemProperties&apos;, properties={socksProxyHost=127.0.0.1, http.proxyHost=127.0.0.1, java.specification.version=17, sun.jnu.encoding=UTF-8, java.class.path=/Users/dobi/Desktop/SCW/atcrowdfunding01-admin-parent/atcrowdfunding02-admin-webui/target/test-classes:/Users/dobi/Desktop/SCW/atcrowdfunding01-admin-parent/atcrowdfunding02-admin-webui/target/classes:/Users/dobi/Desktop/SCW/atcrowdfunding01-admin-parent/atcrowdfunding03-admin-component/target/atcrowdfunding03-admin-component-0.0.1-SNAPSHOT.jar:/Users/dobi/Desktop/SCW/atcrowdfunding01-admin-parent/atcrowdfunding04-admin-entity/target/atcrowdfunding04-admin-entity-0.0.1-SNAPSHOT.jar:/usr/local/ApacheMaven/repository/com/atguigu/crowd/atcrowdfunding05-common-util/0.0.1-SNAPSHOT/atcrowdfunding05-common-util-0.0.1-SNAPSHOT.jar:/usr/local/ApacheMaven/repository/com/alibaba/fastjson/1.2.62/fastjson-1.2.62.jar:/usr/local/ApacheMaven/repository/org/apache/httpcomponents/httpclient/4.5.13/httpclient-4.5.13.jar:/usr/local/ApacheMaven/repository/commons-logging/commons-logging/1.2/commons-logging-1.2.jar:/usr/local/ApacheMaven/repository/commons-codec/commons-codec/1.11/commons-codec-1.11.jar:/usr/local/ApacheMaven/repository/org/apache/httpcomponents/httpcore/4.4.14/httpcore-4.4.14.jar:/usr/local/ApacheMaven/repository/commons-lang/commons-lang/2.6/commons-lang-2.6.jar:/usr/local/ApacheMaven/repository/com/aliyun/oss/aliyun-sdk-oss/3.16.0/aliyun-sdk-oss-3.16.0.jar:/usr/local/ApacheMaven/repository/org/jdom/jdom2/2.0.6.1/jdom2-2.0.6.1.jar:/usr/local/ApacheMaven/repository/org/codehaus/jettison/jettison/1.5.1/jettison-1.5.1.jar:/usr/local/ApacheMaven/repository/com/aliyun/aliyun-java-sdk-core/4.5.10/aliyun-java-sdk-core-4.5.10.jar:/usr/local/ApacheMaven/repository/javax/xml/bind/jaxb-api/2.3.1/jaxb-api-2.3.1.jar:/usr/local/ApacheMaven/repository/javax/activation/javax.activation-api/1.2.0/javax.activation-api-1.2.0.jar:/usr/local/ApacheMaven/repository/org/jacoco/org.jacoco.agent/0.8.5/org.jacoco.agent-0.8.5-runtime.jar:/usr/local/ApacheMaven/repository/org/ini4j/ini4j/0.5.4/ini4j-0.5.4.jar:/usr/local/ApacheMaven/repository/io/opentracing/opentracing-api/0.33.0/opentracing-api-0.33.0.jar:/usr/local/ApacheMaven/repository/io/opentracing/opentracing-util/0.33.0/opentracing-util-0.33.0.jar:/usr/local/ApacheMaven/repository/io/opentracing/opentracing-noop/0.33.0/opentracing-noop-0.33.0.jar:/usr/local/ApacheMaven/repository/com/aliyun/aliyun-java-sdk-ram/3.1.0/aliyun-java-sdk-ram-3.1.0.jar:/usr/local/ApacheMaven/repository/com/aliyun/aliyun-java-sdk-kms/2.11.0/aliyun-java-sdk-kms-2.11.0.jar:/usr/local/ApacheMaven/repository/org/springframework/spring-orm/4.3.20.RELEASE/spring-orm-4.3.20.RELEASE.jar:/usr/local/ApacheMaven/repository/org/springframework/spring-beans/4.3.20.RELEASE/spring-beans-4.3.20.RELEASE.jar:/usr/local/ApacheMaven/repository/org/springframework/spring-jdbc/4.3.20.RELEASE/spring-jdbc-4.3.20.RELEASE.jar:/usr/local/ApacheMaven/repository/org/springframework/spring-tx/4.3.20.RELEASE/spring-tx-4.3.20.RELEASE.jar:/usr/local/ApacheMaven/repository/org/springframework/spring-webmvc/4.3.20.RELEASE/spring-webmvc-4.3.20.RELEASE.jar:/usr/local/ApacheMaven/repository/org/springframework/spring-aop/4.3.20.RELEASE/spring-aop-4.3.20.RELEASE.jar:/usr/local/ApacheMaven/repository/org/springframework/spring-context/4.3.20.RELEASE/spring-context-4.3.20.RELEASE.jar:/usr/local/ApacheMaven/repository/org/springframework/spring-expression/4.3.20.RELEASE/spring-expression-4.3.20.RELEASE.jar:/usr/local/ApacheMaven/repository/org/aspectj/aspectjweaver/1.9.2/aspectjweaver-1.9.2.jar:/usr/local/ApacheMaven/repository/cglib/cglib/2.2/cglib-2.2.jar:/usr/local/ApacheMaven/repository/asm/asm/3.1/asm-3.1.jar:/usr/local/ApacheMaven/repository/mysql/mysql-connector-java/8.0.29/mysql-connector-java-8.0.29.jar:/usr/local/ApacheMaven/repository/com/google/protobuf/protobuf-java/3.19.4/protobuf-java-3.19.4.jar:/usr/local/ApacheMaven/repository/com/alibaba/druid/1.0.31/druid-1.0.31.jar:/usr/local/ApacheMaven/repository/org/mybatis/mybatis/3.2.8/mybatis-3.2.8.jar:/usr/local/ApacheMaven/repository/org/mybatis/mybatis-spring/1.2.2/mybatis-spring-1.2.2.jar:/usr/local/ApacheMaven/repository/com/github/pagehelper/pagehelper/4.0.0/pagehelper-4.0.0.jar:/usr/local/ApacheMaven/repository/com/github/jsqlparser/jsqlparser/0.9.1/jsqlparser-0.9.1.jar:/usr/local/ApacheMaven/repository/org/slf4j/slf4j-api/1.7.7/slf4j-api-1.7.7.jar:/usr/local/ApacheMaven/repository/ch/qos/logback/logback-classic/1.2.3/logback-classic-1.2.3.jar:/usr/local/ApacheMaven/repository/ch/qos/logback/logback-core/1.2.3/logback-core-1.2.3.jar:/usr/local/ApacheMaven/repository/org/slf4j/jcl-over-slf4j/1.7.25/jcl-over-slf4j-1.7.25.jar:/usr/local/ApacheMaven/repository/com/fasterxml/jackson/core/jackson-core/2.9.8/jackson-core-2.9.8.jar:/usr/local/ApacheMaven/repository/com/fasterxml/jackson/core/jackson-databind/2.9.8/jackson-databind-2.9.8.jar:/usr/local/ApacheMaven/repository/com/fasterxml/jackson/core/jackson-annotations/2.9.0/jackson-annotations-2.9.0.jar:/usr/local/ApacheMaven/repository/jstl/jstl/1.2/jstl-1.2.jar:/usr/local/ApacheMaven/repository/com/google/code/gson/gson/2.8.5/gson-2.8.5.jar:/usr/local/ApacheMaven/repository/org/springframework/security/spring-security-web/4.2.10.RELEASE/spring-security-web-4.2.10.RELEASE.jar:/usr/local/ApacheMaven/repository/aopalliance/aopalliance/1.0/aopalliance-1.0.jar:/usr/local/ApacheMaven/repository/org/springframework/security/spring-security-core/4.2.10.RELEASE/spring-security-core-4.2.10.RELEASE.jar:/usr/local/ApacheMaven/repository/org/springframework/security/spring-security-config/4.2.10.RELEASE/spring-security-config-4.2.10.RELEASE.jar:/usr/local/ApacheMaven/repository/org/springframework/security/spring-security-taglibs/4.2.10.RELEASE/spring-security-taglibs-4.2.10.RELEASE.jar:/usr/local/ApacheMaven/repository/org/springframework/security/spring-security-acl/4.2.10.RELEASE/spring-security-acl-4.2.10.RELEASE.jar:/usr/local/ApacheMaven/repository/org/springframework/spring-test/4.3.20.RELEASE/spring-test-4.3.20.RELEASE.jar:/usr/local/ApacheMaven/repository/org/springframework/spring-core/4.3.20.RELEASE/spring-core-4.3.20.RELEASE.jar:/usr/local/ApacheMaven/repository/junit/junit/4.12/junit-4.12.jar:/usr/local/ApacheMaven/repository/org/hamcrest/hamcrest-core/1.3/hamcrest-core-1.3.jar:/usr/local/ApacheMaven/repository/javax/servlet/servlet-api/2.5/servlet-api-2.5.jar:/usr/local/ApacheMaven/repository/javax/servlet/jsp/jsp-api/2.1.3-b06/jsp-api-2.1.3-b06.jar:/usr/local/ApacheMaven/repository/org/glassfish/javax.servlet/3.0-b70/javax.servlet-3.0-b70.jar:/usr/local/ApacheMaven/repository/javax/el/el-api/2.1.2-b05/el-api-2.1.2-b05.jar:/usr/local/ApacheMaven/repository/org/springframework/cloud/spring-cloud-starter-openfeign/4.0.1/spring-cloud-starter-openfeign-4.0.1.jar:/usr/local/ApacheMaven/repository/org/springframework/cloud/spring-cloud-starter/4.0.1/spring-cloud-starter-4.0.1.jar:/usr/local/ApacheMaven/repository/org/springframework/boot/spring-boot-starter/3.0.2/spring-boot-starter-3.0.2.jar:/usr/local/ApacheMaven/repository/org/springframework/boot/spring-boot/3.0.2/spring-boot-3.0.2.jar:/usr/local/ApacheMaven/repository/org/springframework/boot/spring-boot-starter-logging/3.0.2/spring-boot-starter-logging-3.0.2.jar:/usr/local/ApacheMaven/repository/org/apache/logging/log4j/log4j-to-slf4j/2.19.0/log4j-to-slf4j-2.19.0.jar:/usr/local/ApacheMaven/repository/org/apache/logging/log4j/log4j-api/2.19.0/log4j-api-2.19.0.jar:/usr/local/ApacheMaven/repository/org/slf4j/jul-to-slf4j/1.7.25/jul-to-slf4j-1.7.25.jar:/usr/local/ApacheMaven/repository/jakarta/annotation/jakarta.annotation-api/2.1.1/jakarta.annotation-api-2.1.1.jar:/usr/local/ApacheMaven/repository/org/yaml/snakeyaml/1.33/snakeyaml-1.33.jar:/usr/local/ApacheMaven/repository/org/springframework/cloud/spring-cloud-context/4.0.1/spring-cloud-context-4.0.1.jar:/usr/local/ApacheMaven/repository/org/springframework/security/spring-security-rsa/1.0.11.RELEASE/spring-security-rsa-1.0.11.RELEASE.jar:/usr/local/ApacheMaven/repository/org/bouncycastle/bcpkix-jdk15on/1.69/bcpkix-jdk15on-1.69.jar:/usr/local/ApacheMaven/repository/org/bouncycastle/bcprov-jdk15on/1.69/bcprov-jdk15on-1.69.jar:/usr/local/ApacheMaven/repository/org/bouncycastle/bcutil-jdk15on/1.69/bcutil-jdk15on-1.69.jar:/usr/local/ApacheMaven/repository/org/springframework/cloud/spring-cloud-openfeign-core/4.0.1/spring-cloud-openfeign-core-4.0.1.jar:/usr/local/ApacheMaven/repository/org/springframework/boot/spring-boot-autoconfigure/3.0.2/spring-boot-autoconfigure-3.0.2.jar:/usr/local/ApacheMaven/repository/org/springframework/boot/spring-boot-starter-aop/3.0.2/spring-boot-starter-aop-3.0.2.jar:/usr/local/ApacheMaven/repository/io/github/openfeign/form/feign-form-spring/3.8.0/feign-form-spring-3.8.0.jar:/usr/local/ApacheMaven/repository/io/github/openfeign/form/feign-form/3.8.0/feign-form-3.8.0.jar:/usr/local/ApacheMaven/repository/commons-fileupload/commons-fileupload/1.4/commons-fileupload-1.4.jar:/usr/local/ApacheMaven/repository/org/springframework/spring-web/6.0.4/spring-web-6.0.4.jar:/usr/local/ApacheMaven/repository/io/micrometer/micrometer-observation/1.10.3/micrometer-observation-1.10.3.jar:/usr/local/ApacheMaven/repository/io/micrometer/micrometer-commons/1.10.3/micrometer-commons-1.10.3.jar:/usr/local/ApacheMaven/repository/org/springframework/cloud/spring-cloud-commons/4.0.1/spring-cloud-commons-4.0.1.jar:/usr/local/ApacheMaven/repository/org/springframework/security/spring-security-crypto/6.0.1/spring-security-crypto-6.0.1.jar:/usr/local/ApacheMaven/repository/io/github/openfeign/feign-core/12.1/feign-core-12.1.jar:/usr/local/ApacheMaven/repository/io/github/openfeign/feign-slf4j/12.1/feign-slf4j-12.1.jar:, https.proxyPort=7890, java.vm.vendor=Azul Systems, Inc., sun.arch.data.model=64, java.vendor.url=http://www.azul.com/, user.timezone=Asia/Shanghai, java.vm.specification.version=17, os.name=Mac OS X, sun.java.launcher=SUN_STANDARD, user.country=CN, sun.boot.library.path=/Library/Java/JavaVirtualMachines/zulu-17.jdk/Contents/Home/lib, sun.java.command=/Users/dobi/Desktop/SCW/atcrowdfunding01-admin-parent/atcrowdfunding02-admin-webui/target/surefire/surefirebooter16273779497037030444.jar /Users/dobi/Desktop/SCW/atcrowdfunding01-admin-parent/atcrowdfunding02-admin-webui/target/surefire/surefire2656789851606635643tmp /Users/dobi/Desktop/SCW/atcrowdfunding01-admin-parent/atcrowdfunding02-admin-webui/target/surefire/surefire_01660036324801687039tmp, http.nonProxyHosts=192.168.0.0/16|*.192.168.0.0/16|10.0.0.0/8|*.10.0.0.0/8|172.16.0.0/12|*.172.16.0.0/12|127.0.0.1|localhost|*.localhost|local|*.local|timestamp.apple.com|*.timestamp.apple.com|sequoia.apple.com|*.sequoia.apple.com|seed-sequoia.siri.apple.com|*.seed-sequoia.siri.apple.com, jdk.debug=release, surefire.test.class.path=/Users/dobi/Desktop/SCW/atcrowdfunding01-admin-parent/atcrowdfunding02-admin-webui/target/test-classes:/Users/dobi/Desktop/SCW/atcrowdfunding01-admin-parent/atcrowdfunding02-admin-webui/target/classes:/Users/dobi/Desktop/SCW/atcrowdfunding01-admin-parent/atcrowdfunding03-admin-component/target/atcrowdfunding03-admin-component-0.0.1-SNAPSHOT.jar:/Users/dobi/Desktop/SCW/atcrowdfunding01-admin-parent/atcrowdfunding04-admin-entity/target/atcrowdfunding04-admin-entity-0.0.1-SNAPSHOT.jar:/usr/local/ApacheMaven/repository/com/atguigu/crowd/atcrowdfunding05-common-util/0.0.1-SNAPSHOT/atcrowdfunding05-common-util-0.0.1-SNAPSHOT.jar:/usr/local/ApacheMaven/repository/com/alibaba/fastjson/1.2.62/fastjson-1.2.62.jar:/usr/local/ApacheMaven/repository/org/apache/httpcomponents/httpclient/4.5.13/httpclient-4.5.13.jar:/usr/local/ApacheMaven/repository/commons-logging/commons-logging/1.2/commons-logging-1.2.jar:/usr/local/ApacheMaven/repository/commons-codec/commons-codec/1.11/commons-codec-1.11.jar:/usr/local/ApacheMaven/repository/org/apache/httpcomponents/httpcore/4.4.14/httpcore-4.4.14.jar:/usr/local/ApacheMaven/repository/commons-lang/commons-lang/2.6/commons-lang-2.6.jar:/usr/local/ApacheMaven/repository/com/aliyun/oss/aliyun-sdk-oss/3.16.0/aliyun-sdk-oss-3.16.0.jar:/usr/local/ApacheMaven/repository/org/jdom/jdom2/2.0.6.1/jdom2-2.0.6.1.jar:/usr/local/ApacheMaven/repository/org/codehaus/jettison/jettison/1.5.1/jettison-1.5.1.jar:/usr/local/ApacheMaven/repository/com/aliyun/aliyun-java-sdk-core/4.5.10/aliyun-java-sdk-core-4.5.10.jar:/usr/local/ApacheMaven/repository/javax/xml/bind/jaxb-api/2.3.1/jaxb-api-2.3.1.jar:/usr/local/ApacheMaven/repository/javax/activation/javax.activation-api/1.2.0/javax.activation-api-1.2.0.jar:/usr/local/ApacheMaven/repository/org/jacoco/org.jacoco.agent/0.8.5/org.jacoco.agent-0.8.5-runtime.jar:/usr/local/ApacheMaven/repository/org/ini4j/ini4j/0.5.4/ini4j-0.5.4.jar:/usr/local/ApacheMaven/repository/io/opentracing/opentracing-api/0.33.0/opentracing-api-0.33.0.jar:/usr/local/ApacheMaven/repository/io/opentracing/opentracing-util/0.33.0/opentracing-util-0.33.0.jar:/usr/local/ApacheMaven/repository/io/opentracing/opentracing-noop/0.33.0/opentracing-noop-0.33.0.jar:/usr/local/ApacheMaven/repository/com/aliyun/aliyun-java-sdk-ram/3.1.0/aliyun-java-sdk-ram-3.1.0.jar:/usr/local/ApacheMaven/repository/com/aliyun/aliyun-java-sdk-kms/2.11.0/aliyun-java-sdk-kms-2.11.0.jar:/usr/local/ApacheMaven/repository/org/springframework/spring-orm/4.3.20.RELEASE/spring-orm-4.3.20.RELEASE.jar:/usr/local/ApacheMaven/repository/org/springframework/spring-beans/4.3.20.RELEASE/spring-beans-4.3.20.RELEASE.jar:/usr/local/ApacheMaven/repository/org/springframework/spring-jdbc/4.3.20.RELEASE/spring-jdbc-4.3.20.RELEASE.jar:/usr/local/ApacheMaven/repository/org/springframework/spring-tx/4.3.20.RELEASE/spring-tx-4.3.20.RELEASE.jar:/usr/local/ApacheMaven/repository/org/springframework/spring-webmvc/4.3.20.RELEASE/spring-webmvc-4.3.20.RELEASE.jar:/usr/local/ApacheMaven/repository/org/springframework/spring-aop/4.3.20.RELEASE/spring-aop-4.3.20.RELEASE.jar:/usr/local/ApacheMaven/repository/org/springframework/spring-context/4.3.20.RELEASE/spring-context-4.3.20.RELEASE.jar:/usr/local/ApacheMaven/repository/org/springframework/spring-expression/4.3.20.RELEASE/spring-expression-4.3.20.RELEASE.jar:/usr/local/ApacheMaven/repository/org/aspectj/aspectjweaver/1.9.2/aspectjweaver-1.9.2.jar:/usr/local/ApacheMaven/repository/cglib/cglib/2.2/cglib-2.2.jar:/usr/local/ApacheMaven/repository/asm/asm/3.1/asm-3.1.jar:/usr/local/ApacheMaven/repository/mysql/mysql-connector-java/8.0.29/mysql-connector-java-8.0.29.jar:/usr/local/ApacheMaven/repository/com/google/protobuf/protobuf-java/3.19.4/protobuf-java-3.19.4.jar:/usr/local/ApacheMaven/repository/com/alibaba/druid/1.0.31/druid-1.0.31.jar:/usr/local/ApacheMaven/repository/org/mybatis/mybatis/3.2.8/mybatis-3.2.8.jar:/usr/local/ApacheMaven/repository/org/mybatis/mybatis-spring/1.2.2/mybatis-spring-1.2.2.jar:/usr/local/ApacheMaven/repository/com/github/pagehelper/pagehelper/4.0.0/pagehelper-4.0.0.jar:/usr/local/ApacheMaven/repository/com/github/jsqlparser/jsqlparser/0.9.1/jsqlparser-0.9.1.jar:/usr/local/ApacheMaven/repository/org/slf4j/slf4j-api/1.7.7/slf4j-api-1.7.7.jar:/usr/local/ApacheMaven/repository/ch/qos/logback/logback-classic/1.2.3/logback-classic-1.2.3.jar:/usr/local/ApacheMaven/repository/ch/qos/logback/logback-core/1.2.3/logback-core-1.2.3.jar:/usr/local/ApacheMaven/repository/org/slf4j/jcl-over-slf4j/1.7.25/jcl-over-slf4j-1.7.25.jar:/usr/local/ApacheMaven/repository/com/fasterxml/jackson/core/jackson-core/2.9.8/jackson-core-2.9.8.jar:/usr/local/ApacheMaven/repository/com/fasterxml/jackson/core/jackson-databind/2.9.8/jackson-databind-2.9.8.jar:/usr/local/ApacheMaven/repository/com/fasterxml/jackson/core/jackson-annotations/2.9.0/jackson-annotations-2.9.0.jar:/usr/local/ApacheMaven/repository/jstl/jstl/1.2/jstl-1.2.jar:/usr/local/ApacheMaven/repository/com/google/code/gson/gson/2.8.5/gson-2.8.5.jar:/usr/local/ApacheMaven/repository/org/springframework/security/spring-security-web/4.2.10.RELEASE/spring-security-web-4.2.10.RELEASE.jar:/usr/local/ApacheMaven/repository/aopalliance/aopalliance/1.0/aopalliance-1.0.jar:/usr/local/ApacheMaven/repository/org/springframework/security/spring-security-core/4.2.10.RELEASE/spring-security-core-4.2.10.RELEASE.jar:/usr/local/ApacheMaven/repository/org/springframework/security/spring-security-config/4.2.10.RELEASE/spring-security-config-4.2.10.RELEASE.jar:/usr/local/ApacheMaven/repository/org/springframework/security/spring-security-taglibs/4.2.10.RELEASE/spring-security-taglibs-4.2.10.RELEASE.jar:/usr/local/ApacheMaven/repository/org/springframework/security/spring-security-acl/4.2.10.RELEASE/spring-security-acl-4.2.10.RELEASE.jar:/usr/local/ApacheMaven/repository/org/springframework/spring-test/4.3.20.RELEASE/spring-test-4.3.20.RELEASE.jar:/usr/local/ApacheMaven/repository/org/springframework/spring-core/4.3.20.RELEASE/spring-core-4.3.20.RELEASE.jar:/usr/local/ApacheMaven/repository/junit/junit/4.12/junit-4.12.jar:/usr/local/ApacheMaven/repository/org/hamcrest/hamcrest-core/1.3/hamcrest-core-1.3.jar:/usr/local/ApacheMaven/repository/javax/servlet/servlet-api/2.5/servlet-api-2.5.jar:/usr/local/ApacheMaven/repository/javax/servlet/jsp/jsp-api/2.1.3-b06/jsp-api-2.1.3-b06.jar:/usr/local/ApacheMaven/repository/org/glassfish/javax.servlet/3.0-b70/javax.servlet-3.0-b70.jar:/usr/local/ApacheMaven/repository/javax/el/el-api/2.1.2-b05/el-api-2.1.2-b05.jar:/usr/local/ApacheMaven/repository/org/springframework/cloud/spring-cloud-starter-openfeign/4.0.1/spring-cloud-starter-openfeign-4.0.1.jar:/usr/local/ApacheMaven/repository/org/springframework/cloud/spring-cloud-starter/4.0.1/spring-cloud-starter-4.0.1.jar:/usr/local/ApacheMaven/repository/org/springframework/boot/spring-boot-starter/3.0.2/spring-boot-starter-3.0.2.jar:/usr/local/ApacheMaven/repository/org/springframework/boot/spring-boot/3.0.2/spring-boot-3.0.2.jar:/usr/local/ApacheMaven/repository/org/springframework/boot/spring-boot-starter-logging/3.0.2/spring-boot-starter-logging-3.0.2.jar:/usr/local/ApacheMaven/repository/org/apache/logging/log4j/log4j-to-slf4j/2.19.0/log4j-to-slf4j-2.19.0.jar:/usr/local/ApacheMaven/repository/org/apache/logging/log4j/log4j-api/2.19.0/log4j-api-2.19.0.jar:/usr/local/ApacheMaven/repository/org/slf4j/jul-to-slf4j/1.7.25/jul-to-slf4j-1.7.25.jar:/usr/local/ApacheMaven/repository/jakarta/annotation/jakarta.annotation-api/2.1.1/jakarta.annotation-api-2.1.1.jar:/usr/local/ApacheMaven/repository/org/yaml/snakeyaml/1.33/snakeyaml-1.33.jar:/usr/local/ApacheMaven/repository/org/springframework/cloud/spring-cloud-context/4.0.1/spring-cloud-context-4.0.1.jar:/usr/local/ApacheMaven/repository/org/springframework/security/spring-security-rsa/1.0.11.RELEASE/spring-security-rsa-1.0.11.RELEASE.jar:/usr/local/ApacheMaven/repository/org/bouncycastle/bcpkix-jdk15on/1.69/bcpkix-jdk15on-1.69.jar:/usr/local/ApacheMaven/repository/org/bouncycastle/bcprov-jdk15on/1.69/bcprov-jdk15on-1.69.jar:/usr/local/ApacheMaven/repository/org/bouncycastle/bcutil-jdk15on/1.69/bcutil-jdk15on-1.69.jar:/usr/local/ApacheMaven/repository/org/springframework/cloud/spring-cloud-openfeign-core/4.0.1/spring-cloud-openfeign-core-4.0.1.jar:/usr/local/ApacheMaven/repository/org/springframework/boot/spring-boot-autoconfigure/3.0.2/spring-boot-autoconfigure-3.0.2.jar:/usr/local/ApacheMaven/repository/org/springframework/boot/spring-boot-starter-aop/3.0.2/spring-boot-starter-aop-3.0.2.jar:/usr/local/ApacheMaven/repository/io/github/openfeign/form/feign-form-spring/3.8.0/feign-form-spring-3.8.0.jar:/usr/local/ApacheMaven/repository/io/github/openfeign/form/feign-form/3.8.0/feign-form-3.8.0.jar:/usr/local/ApacheMaven/repository/commons-fileupload/commons-fileupload/1.4/commons-fileupload-1.4.jar:/usr/local/ApacheMaven/repository/org/springframework/spring-web/6.0.4/spring-web-6.0.4.jar:/usr/local/ApacheMaven/repository/io/micrometer/micrometer-observation/1.10.3/micrometer-observation-1.10.3.jar:/usr/local/ApacheMaven/repository/io/micrometer/micrometer-commons/1.10.3/micrometer-commons-1.10.3.jar:/usr/local/ApacheMaven/repository/org/springframework/cloud/spring-cloud-commons/4.0.1/spring-cloud-commons-4.0.1.jar:/usr/local/ApacheMaven/repository/org/springframework/security/spring-security-crypto/6.0.1/spring-security-crypto-6.0.1.jar:/usr/local/ApacheMaven/repository/io/github/openfeign/feign-core/12.1/feign-core-12.1.jar:/usr/local/ApacheMaven/repository/io/github/openfeign/feign-slf4j/12.1/feign-slf4j-12.1.jar:, sun.cpu.endian=little, user.home=/Users/dobi, user.language=zh, java.specification.vendor=Oracle Corporation, java.version.date=2023-04-18, java.home=/Library/Java/JavaVirtualMachines/zulu-17.jdk/Contents/Home, file.separator=/, https.proxyHost=127.0.0.1, basedir=/Users/dobi/Desktop/SCW/atcrowdfunding01-admin-parent/atcrowdfunding02-admin-webui, java.vm.compressedOopsMode=Zero based, line.separator=
, java.vm.specification.vendor=Oracle Corporation, java.specification.name=Java Platform API Specification, surefire.real.class.path=/Users/dobi/Desktop/SCW/atcrowdfunding01-admin-parent/atcrowdfunding02-admin-webui/target/surefire/surefirebooter16273779497037030444.jar, user.script=Hans, sun.management.compiler=HotSpot 64-Bit Tiered Compilers, ftp.nonProxyHosts=192.168.0.0/16|*.192.168.0.0/16|10.0.0.0/8|*.10.0.0.0/8|172.16.0.0/12|*.172.16.0.0/12|127.0.0.1|localhost|*.localhost|local|*.local|timestamp.apple.com|*.timestamp.apple.com|sequoia.apple.com|*.sequoia.apple.com|seed-sequoia.siri.apple.com|*.seed-sequoia.siri.apple.com, java.runtime.version=17.0.7+7-LTS, user.name=dobi, path.separator=:, os.version=13.4.1, java.runtime.name=OpenJDK Runtime Environment, file.encoding=UTF-8, java.vm.name=OpenJDK 64-Bit Server VM, java.vendor.version=Zulu17.42+19-CA, localRepository=/usr/local/ApacheMaven/repository, java.vendor.url.bug=http://www.azul.com/support/, java.io.tmpdir=/var/folders/9w/7_rwny9s5hjdpq7vs5c269bc0000gn/T/, idea.version=2023.1.2, java.version=17.0.7, user.dir=/Users/dobi/Desktop/SCW/atcrowdfunding01-admin-parent/atcrowdfunding02-admin-webui, os.arch=aarch64, socksProxyPort=7890, java.vm.specification.name=Java Virtual Machine Specification, native.encoding=UTF-8, java.library.path=/Users/dobi/Library/Java/Extensions:/Library/Java/Extensions:/Network/Library/Java/Extensions:/System/Library/Java/Extensions:/usr/lib/java:., java.vm.info=mixed mode, sharing, java.vendor=Azul Systems, Inc., java.vm.version=17.0.7+7-LTS, sun.io.unicode.encoding=UnicodeBig, maven.repo.local=/usr/local/ApacheMaven/repository, socksNonProxyHosts=192.168.0.0/16|*.192.168.0.0/16|10.0.0.0/8|*.10.0.0.0/8|172.16.0.0/12|*.172.16.0.0/12|127.0.0.1|localhost|*.localhost|local|*.local|timestamp.apple.com|*.timestamp.apple.com|sequoia.apple.com|*.sequoia.apple.com|seed-sequoia.siri.apple.com|*.seed-sequoia.siri.apple.com, java.class.version=61.0, http.proxyPort=7890}}, SystemEnvironmentPropertySource@1765795529 {name=&apos;systemEnvironment&apos;, properties={PATH=/Users/dobi/opt/anaconda3/bin:/Users/dobi/opt/anaconda3/condabin:/Users/dobi/miniforge3/bin:/opt/homebrew/bin:/opt/homebrew/sbin:/opt/local/bin:/opt/local/sbin:/usr/local/bin:/System/Cryptexes/App/usr/bin:/usr/bin:/bin:/usr/sbin:/sbin:/var/run/com.apple.security.cryptexd/codex.system/bootstrap/usr/local/bin:/var/run/com.apple.security.cryptexd/codex.system/bootstrap/usr/bin:/var/run/com.apple.security.cryptexd/codex.system/bootstrap/usr/appleinternal/bin:/usr/local/ApacheMaven/bin, MANPATH=/opt/homebrew/share/man::, CONDA_DEFAULT_ENV=base, CONDA_EXE=/Users/dobi/opt/anaconda3/bin/conda, JAVA_HOME=/Library/Java/JavaVirtualMachines/zulu-15.jdk/Contents/Home, CONDA_PYTHON_EXE=/Users/dobi/opt/anaconda3/bin/python, HOMEBREW_PREFIX=/opt/homebrew, COMMAND_MODE=unix2003, CONDA_PREFIX=/Users/dobi/opt/anaconda3, MAVEN_HOME=/usr/local/ApacheMaven, JAVA_11_HOME=/Library/Java/JavaVirtualMachines/jdk-11.0.2.jdk/Contents/Home, _CE_M=, JAVA_MAIN_CLASS_8419=org.apache.maven.surefire.booter.ForkedBooter, LOGNAME=dobi, HOMEBREW_REPOSITORY=/opt/homebrew, XPC_SERVICE_NAME=0, PWD=/Users/dobi/Desktop/SCW/atcrowdfunding01-admin-parent/atcrowdfunding02-admin-webui, INFOPATH=/opt/homebrew/share/info:, CONDA_SHLVL=1, _=/Library/Java/JavaVirtualMachines/zulu-17.jdk/Contents/Home/bin/java, __CFBundleIdentifier=com.jetbrains.intellij, SHELL=/bin/zsh, PAGER=less, LSCOLORS=Gxfxcxdxbxegedabagacad, HOMEBREW_BOTTLE_DOMAIN=https://mirrors.tuna.tsinghua.edu.cn/homebrew-bottles/, OLDPWD=/Users/dobi/Desktop/SCW/atcrowdfunding01-admin-parent/atcrowdfunding02-admin-webui, HOMEBREW_CELLAR=/opt/homebrew/Cellar, USER=dobi, ZSH=/Users/dobi/.oh-my-zsh, TMPDIR=/var/folders/9w/7_rwny9s5hjdpq7vs5c269bc0000gn/T/, SSH_AUTH_SOCK=/private/tmp/com.apple.launchd.Qm148Tj0FC/Listeners, _CE_CONDA=, XPC_FLAGS=0x0, __CF_USER_TEXT_ENCODING=0x1F5:0x19:0x34, JAVA_MAIN_CLASS_8409=org.codehaus.classworlds.Launcher, CONDA_PROMPT_MODIFIER=(base) , LESS=-R, LC_CTYPE=zh_CN.UTF-8, LS_COLORS=di=1;36:ln=35:so=32:pi=33:ex=31:bd=34;46:cd=34;43:su=30;41:sg=30;46:tw=30;42:ow=30;43, HOME=/Users/dobi, SHLVL=1}}]]
[2023-09-04 01:20:32.099] [DEBUG] [main] [org.springframework.core.env.StandardEnvironment] [Activating profiles []]
[2023-09-04 01:20:32.102] [INFO ] [main] [org.springframework.beans.factory.xml.XmlBeanDefinitionReader] [Loading XML bean definitions from class path resource [spring-persist-mybatis.xml]]
[2023-09-04 01:20:32.105] [DEBUG] [main] [org.springframework.beans.factory.xml.DefaultDocumentLoader] [Using JAXP provider [com.sun.org.apache.xerces.internal.jaxp.DocumentBuilderFactoryImpl]]
[2023-09-04 01:20:32.121] [DEBUG] [main] [org.springframework.beans.factory.xml.PluggableSchemaResolver] [Loading schema mappings from [META-INF/spring.schemas]]
[2023-09-04 01:20:32.124] [DEBUG] [main] [org.springframework.beans.factory.xml.PluggableSchemaResolver] [Loaded schema mappings: {http://www.springframework.org/schema/context/spring-context-3.2.xsd=org/springframework/context/config/spring-context-3.2.xsd, http://www.springframework.org/schema/cache/spring-cache-4.3.xsd=org/springframework/cache/config/spring-cache-4.3.xsd, http://www.springframework.org/schema/beans/spring-beans-4.0.xsd=org/springframework/beans/factory/xml/spring-beans-4.0.xsd, http://www.springframework.org/schema/tx/spring-tx-2.5.xsd=org/springframework/transaction/config/spring-tx-2.5.xsd, http://www.springframework.org/schema/context/spring-context-2.5.xsd=org/springframework/context/config/spring-context-2.5.xsd, http://www.springframework.org/schema/tx/spring-tx-3.2.xsd=org/springframework/transaction/config/spring-tx-3.2.xsd, http://www.springframework.org/schema/tool/spring-tool-4.3.xsd=org/springframework/beans/factory/xml/spring-tool-4.3.xsd, http://www.springframework.org/schema/tool/spring-tool-2.0.xsd=org/springframework/beans/factory/xml/spring-tool-2.0.xsd, http://www.springframework.org/schema/security/spring-security-2.0.2.xsd=org/springframework/security/config/spring-security-2.0.2.xsd, http://www.springframework.org/schema/util/spring-util-4.2.xsd=org/springframework/beans/factory/xml/spring-util-4.2.xsd, http://www.springframework.org/schema/tx/spring-tx-3.0.xsd=org/springframework/transaction/config/spring-tx-3.0.xsd, http://www.springframework.org/schema/beans/spring-beans-4.2.xsd=org/springframework/beans/factory/xml/spring-beans-4.2.xsd, http://www.springframework.org/schema/cache/spring-cache-4.1.xsd=org/springframework/cache/config/spring-cache-4.1.xsd, http://www.springframework.org/schema/mvc/spring-mvc-4.3.xsd=org/springframework/web/servlet/config/spring-mvc-4.3.xsd, http://www.springframework.org/schema/lang/spring-lang-3.0.xsd=org/springframework/scripting/config/spring-lang-3.0.xsd, http://www.springframework.org/schema/security/spring-security-2.0.xsd=org/springframework/security/config/spring-security-2.0.xsd, http://www.springframework.org/schema/tool/spring-tool-4.1.xsd=org/springframework/beans/factory/xml/spring-tool-4.1.xsd, http://www.springframework.org/schema/task/spring-task-4.3.xsd=org/springframework/scheduling/config/spring-task-4.3.xsd, http://www.springframework.org/schema/util/spring-util-4.0.xsd=org/springframework/beans/factory/xml/spring-util-4.0.xsd, http://www.springframework.org/schema/jdbc/spring-jdbc-4.2.xsd=org/springframework/jdbc/config/spring-jdbc-4.2.xsd, http://www.springframework.org/schema/jdbc/spring-jdbc.xsd=org/springframework/jdbc/config/spring-jdbc-4.3.xsd, http://www.springframework.org/schema/lang/spring-lang.xsd=org/springframework/scripting/config/spring-lang-4.3.xsd, http://www.springframework.org/schema/security/spring-security-3.0.3.xsd=org/springframework/security/config/spring-security-3.0.3.xsd, http://www.springframework.org/schema/aop/spring-aop-4.2.xsd=org/springframework/aop/config/spring-aop-4.2.xsd, http://www.springframework.org/schema/context/spring-context-4.1.xsd=org/springframework/context/config/spring-context-4.1.xsd, http://www.springframework.org/schema/jee/spring-jee-4.2.xsd=org/springframework/ejb/config/spring-jee-4.2.xsd, http://www.springframework.org/schema/tool/spring-tool-3.1.xsd=org/springframework/beans/factory/xml/spring-tool-3.1.xsd, http://www.springframework.org/schema/jdbc/spring-jdbc-3.1.xsd=org/springframework/jdbc/config/spring-jdbc-3.1.xsd, http://www.springframework.org/schema/jee/spring-jee-4.1.xsd=org/springframework/ejb/config/spring-jee-4.1.xsd, http://www.springframework.org/schema/aop/spring-aop-4.1.xsd=org/springframework/aop/config/spring-aop-4.1.xsd, http://www.springframework.org/schema/util/spring-util.xsd=org/springframework/beans/factory/xml/spring-util-4.3.xsd, http://www.springframework.org/schema/mvc/spring-mvc-3.2.xsd=org/springframework/web/servlet/config/spring-mvc-3.2.xsd, http://www.springframework.org/schema/lang/spring-lang-4.1.xsd=org/springframework/scripting/config/spring-lang-4.1.xsd, http://www.springframework.org/schema/security/spring-security-4.0.xsd=org/springframework/security/config/spring-security-4.0.xsd, http://www.springframework.org/schema/context/spring-context-4.3.xsd=org/springframework/context/config/spring-context-4.3.xsd, http://www.springframework.org/schema/lang/spring-lang-2.5.xsd=org/springframework/scripting/config/spring-lang-2.5.xsd, http://www.springframework.org/schema/jee/spring-jee.xsd=org/springframework/ejb/config/spring-jee-4.3.xsd, http://www.springframework.org/schema/util/spring-util-3.1.xsd=org/springframework/beans/factory/xml/spring-util-3.1.xsd, http://www.springframework.org/schema/security/spring-security.xsd=org/springframework/security/config/spring-security-4.2.xsd, http://www.springframework.org/schema/mvc/spring-mvc-4.0.xsd=org/springframework/web/servlet/config/spring-mvc-4.0.xsd, http://www.springframework.org/schema/jee/spring-jee-2.5.xsd=org/springframework/ejb/config/spring-jee-2.5.xsd, http://www.springframework.org/schema/aop/spring-aop-2.5.xsd=org/springframework/aop/config/spring-aop-2.5.xsd, http://www.springframework.org/schema/task/spring-task-4.0.xsd=org/springframework/scheduling/config/spring-task-4.0.xsd, http://www.springframework.org/schema/cache/spring-cache-3.1.xsd=org/springframework/cache/config/spring-cache-3.1.xsd, http://www.springframework.org/schema/tool/spring-tool-2.5.xsd=org/springframework/beans/factory/xml/spring-tool-2.5.xsd, http://www.springframework.org/schema/task/spring-task-3.2.xsd=org/springframework/scheduling/config/spring-task-3.2.xsd, http://www.springframework.org/schema/tx/spring-tx-4.2.xsd=org/springframework/transaction/config/spring-tx-4.2.xsd, http://www.springframework.org/schema/aop/spring-aop-3.1.xsd=org/springframework/aop/config/spring-aop-3.1.xsd, http://www.springframework.org/schema/jee/spring-jee-3.1.xsd=org/springframework/ejb/config/spring-jee-3.1.xsd, http://www.springframework.org/schema/lang/spring-lang-4.3.xsd=org/springframework/scripting/config/spring-lang-4.3.xsd, http://www.springframework.org/schema/mvc/spring-mvc-3.0.xsd=org/springframework/web/servlet/config/spring-mvc-3.0.xsd, http://www.springframework.org/schema/beans/spring-beans-3.1.xsd=org/springframework/beans/factory/xml/spring-beans-3.1.xsd, http://www.springframework.org/schema/security/spring-security-3.2.xsd=org/springframework/security/config/spring-security-3.2.xsd, http://www.springframework.org/schema/security/spring-security-3.0.xsd=org/springframework/security/config/spring-security-3.0.xsd, http://www.springframework.org/schema/tx/spring-tx.xsd=org/springframework/transaction/config/spring-tx-4.3.xsd, http://www.springframework.org/schema/lang/spring-lang-2.0.xsd=org/springframework/scripting/config/spring-lang-2.0.xsd, http://www.alibaba.com/schema/stat.xsd=META-INF/stat.xsd, http://www.springframework.org/schema/task/spring-task-3.0.xsd=org/springframework/scheduling/config/spring-task-3.0.xsd, http://www.springframework.org/schema/tx/spring-tx-4.0.xsd=org/springframework/transaction/config/spring-tx-4.0.xsd, http://www.springframework.org/schema/context/spring-context-3.0.xsd=org/springframework/context/config/spring-context-3.0.xsd, http://www.springframework.org/schema/cache/spring-cache.xsd=org/springframework/cache/config/spring-cache-4.3.xsd, http://www.springframework.org/schema/security/spring-security-2.0.4.xsd=org/springframework/security/config/spring-security-2.0.4.xsd, http://www.springframework.org/schema/util/spring-util-4.3.xsd=org/springframework/beans/factory/xml/spring-util-4.3.xsd, http://www.springframework.org/schema/context/spring-context-4.0.xsd=org/springframework/context/config/spring-context-4.0.xsd, http://www.springframework.org/schema/jdbc/spring-jdbc-4.3.xsd=org/springframework/jdbc/config/spring-jdbc-4.3.xsd, http://www.springframework.org/schema/aop/spring-aop-2.0.xsd=org/springframework/aop/config/spring-aop-2.0.xsd, http://www.springframework.org/schema/jee/spring-jee-2.0.xsd=org/springframework/ejb/config/spring-jee-2.0.xsd, http://www.springframework.org/schema/util/spring-util-2.0.xsd=org/springframework/beans/factory/xml/spring-util-2.0.xsd, http://www.springframework.org/schema/cache/spring-cache-4.2.xsd=org/springframework/cache/config/spring-cache-4.2.xsd, http://www.springframework.org/schema/tx/spring-tx-3.1.xsd=org/springframework/transaction/config/spring-tx-3.1.xsd, http://www.springframework.org/schema/context/spring-context-3.1.xsd=org/springframework/context/config/spring-context-3.1.xsd, http://www.springframework.org/schema/tool/spring-tool.xsd=org/springframework/beans/factory/xml/spring-tool-4.3.xsd, http://www.springframework.org/schema/beans/spring-beans-3.2.xsd=org/springframework/beans/factory/xml/spring-beans-3.2.xsd, http://www.springframework.org/schema/beans/spring-beans-2.5.xsd=org/springframework/beans/factory/xml/spring-beans-2.5.xsd, http://mybatis.org/schema/mybatis-spring.xsd=org/mybatis/spring/config/mybatis-spring-1.2.xsd, http://www.springframework.org/schema/jdbc/spring-jdbc-4.1.xsd=org/springframework/jdbc/config/spring-jdbc-4.1.xsd, http://www.springframework.org/schema/util/spring-util-4.1.xsd=org/springframework/beans/factory/xml/spring-util-4.1.xsd, http://www.springframework.org/schema/tool/spring-tool-4.0.xsd=org/springframework/beans/factory/xml/spring-tool-4.0.xsd, http://www.springframework.org/schema/beans/spring-beans.xsd=org/springframework/beans/factory/xml/spring-beans-4.3.xsd, http://mybatis.org/schema/mybatis-spring-1.2.xsd=org/mybatis/spring/config/mybatis-spring-1.2.xsd, http://www.springframework.org/schema/context/spring-context-4.2.xsd=org/springframework/context/config/spring-context-4.2.xsd, http://www.springframework.org/schema/jee/spring-jee-4.3.xsd=org/springframework/ejb/config/spring-jee-4.3.xsd, http://www.springframework.org/schema/aop/spring-aop-4.3.xsd=org/springframework/aop/config/spring-aop-4.3.xsd, http://www.springframework.org/schema/beans/spring-beans-4.3.xsd=org/springframework/beans/factory/xml/spring-beans-4.3.xsd, http://www.springframework.org/schema/security/spring-security-2.0.1.xsd=org/springframework/security/config/spring-security-2.0.1.xsd, http://www.springframework.org/schema/beans/spring-beans-4.1.xsd=org/springframework/beans/factory/xml/spring-beans-4.1.xsd, http://www.springframework.org/schema/mvc/spring-mvc-4.2.xsd=org/springframework/web/servlet/config/spring-mvc-4.2.xsd, http://www.springframework.org/schema/cache/spring-cache-4.0.xsd=org/springframework/cache/config/spring-cache-4.0.xsd, http://www.springframework.org/schema/security/spring-security-4.2.xsd=org/springframework/security/config/spring-security-4.2.xsd, http://www.springframework.org/schema/util/spring-util-2.5.xsd=org/springframework/beans/factory/xml/spring-util-2.5.xsd, http://www.springframework.org/schema/tool/spring-tool-4.2.xsd=org/springframework/beans/factory/xml/spring-tool-4.2.xsd, http://www.springframework.org/schema/lang/spring-lang-3.1.xsd=org/springframework/scripting/config/spring-lang-3.1.xsd, http://www.springframework.org/schema/task/spring-task.xsd=org/springframework/scheduling/config/spring-task-4.3.xsd, http://www.springframework.org/schema/task/spring-task-4.2.xsd=org/springframework/scheduling/config/spring-task-4.2.xsd, http://www.springframework.org/schema/aop/spring-aop.xsd=org/springframework/aop/config/spring-aop-4.3.xsd, http://www.springframework.org/schema/lang/spring-lang-4.0.xsd=org/springframework/scripting/config/spring-lang-4.0.xsd, http://www.springframework.org/schema/security/spring-security-4.1.xsd=org/springframework/security/config/spring-security-4.1.xsd, http://www.springframework.org/schema/beans/spring-beans-2.0.xsd=org/springframework/beans/factory/xml/spring-beans-2.0.xsd, http://www.springframework.org/schema/mvc/spring-mvc-4.1.xsd=org/springframework/web/servlet/config/spring-mvc-4.1.xsd, http://www.springframework.org/schema/task/spring-task-4.1.xsd=org/springframework/scheduling/config/spring-task-4.1.xsd, http://www.springframework.org/schema/util/spring-util-3.2.xsd=org/springframework/beans/factory/xml/spring-util-3.2.xsd, http://www.springframework.org/schema/tx/spring-tx-2.0.xsd=org/springframework/transaction/config/spring-tx-2.0.xsd, http://www.springframework.org/schema/lang/spring-lang-3.2.xsd=org/springframework/scripting/config/spring-lang-3.2.xsd, http://www.springframework.org/schema/cache/spring-cache-3.2.xsd=org/springframework/cache/config/spring-cache-3.2.xsd, http://www.springframework.org/schema/tx/spring-tx-4.3.xsd=org/springframework/transaction/config/spring-tx-4.3.xsd, http://www.springframework.org/schema/util/spring-util-3.0.xsd=org/springframework/beans/factory/xml/spring-util-3.0.xsd, http://www.springframework.org/schema/jee/spring-jee-3.2.xsd=org/springframework/ejb/config/spring-jee-3.2.xsd, http://www.springframework.org/schema/aop/spring-aop-3.2.xsd=org/springframework/aop/config/spring-aop-3.2.xsd, http://www.springframework.org/schema/mvc/spring-mvc.xsd=org/springframework/web/servlet/config/spring-mvc-4.3.xsd, http://www.springframework.org/schema/jdbc/spring-jdbc-4.0.xsd=org/springframework/jdbc/config/spring-jdbc-4.0.xsd, http://www.springframework.org/schema/tool/spring-tool-3.2.xsd=org/springframework/beans/factory/xml/spring-tool-3.2.xsd, http://www.springframework.org/schema/jdbc/spring-jdbc-3.2.xsd=org/springframework/jdbc/config/spring-jdbc-3.2.xsd, http://www.springframework.org/schema/context/spring-context.xsd=org/springframework/context/config/spring-context-4.3.xsd, http://www.springframework.org/schema/aop/spring-aop-4.0.xsd=org/springframework/aop/config/spring-aop-4.0.xsd, http://www.springframework.org/schema/jee/spring-jee-4.0.xsd=org/springframework/ejb/config/spring-jee-4.0.xsd, http://www.springframework.org/schema/beans/spring-beans-3.0.xsd=org/springframework/beans/factory/xml/spring-beans-3.0.xsd, http://www.springframework.org/schema/mvc/spring-mvc-3.1.xsd=org/springframework/web/servlet/config/spring-mvc-3.1.xsd, http://www.springframework.org/schema/jee/spring-jee-3.0.xsd=org/springframework/ejb/config/spring-jee-3.0.xsd, http://www.springframework.org/schema/aop/spring-aop-3.0.xsd=org/springframework/aop/config/spring-aop-3.0.xsd, http://www.springframework.org/schema/jdbc/spring-jdbc-3.0.xsd=org/springframework/jdbc/config/spring-jdbc-3.0.xsd, http://www.springframework.org/schema/task/spring-task-3.1.xsd=org/springframework/scheduling/config/spring-task-3.1.xsd, http://www.springframework.org/schema/tx/spring-tx-4.1.xsd=org/springframework/transaction/config/spring-tx-4.1.xsd, http://www.springframework.org/schema/tool/spring-tool-3.0.xsd=org/springframework/beans/factory/xml/spring-tool-3.0.xsd, http://www.springframework.org/schema/lang/spring-lang-4.2.xsd=org/springframework/scripting/config/spring-lang-4.2.xsd, http://www.springframework.org/schema/security/spring-security-3.1.xsd=org/springframework/security/config/spring-security-3.1.xsd}]
[2023-09-04 01:20:32.125] [DEBUG] [main] [org.springframework.beans.factory.xml.PluggableSchemaResolver] [Found XML schema [http://www.springframework.org/schema/beans/spring-beans.xsd] in classpath: org/springframework/beans/factory/xml/spring-beans-4.3.xsd]
[2023-09-04 01:20:32.148] [DEBUG] [main] [org.springframework.beans.factory.xml.PluggableSchemaResolver] [Found XML schema [http://www.springframework.org/schema/context/spring-context-4.3.xsd] in classpath: org/springframework/context/config/spring-context-4.3.xsd]
[2023-09-04 01:20:32.152] [DEBUG] [main] [org.springframework.beans.factory.xml.PluggableSchemaResolver] [Found XML schema [http://www.springframework.org/schema/tool/spring-tool-4.3.xsd] in classpath: org/springframework/beans/factory/xml/spring-tool-4.3.xsd]
[2023-09-04 01:20:32.156] [DEBUG] [main] [org.springframework.beans.factory.xml.DefaultBeanDefinitionDocumentReader] [Loading bean definitions]
[2023-09-04 01:20:32.160] [DEBUG] [main] [org.springframework.beans.factory.xml.DefaultNamespaceHandlerResolver] [Loading NamespaceHandler mappings from [META-INF/spring.handlers]]
[2023-09-04 01:20:32.161] [DEBUG] [main] [org.springframework.beans.factory.xml.DefaultNamespaceHandlerResolver] [Loaded NamespaceHandler mappings: {http://www.springframework.org/schema/aop=org.springframework.aop.config.AopNamespaceHandler, http://www.springframework.org/schema/task=org.springframework.scheduling.config.TaskNamespaceHandler, http://mybatis.org/schema/mybatis-spring=org.mybatis.spring.config.NamespaceHandler, http://www.springframework.org/schema/lang=org.springframework.scripting.config.LangNamespaceHandler, http://www.springframework.org/schema/c=org.springframework.beans.factory.xml.SimpleConstructorNamespaceHandler, http://www.springframework.org/schema/jee=org.springframework.ejb.config.JeeNamespaceHandler, http://www.springframework.org/schema/security=org.springframework.security.config.SecurityNamespaceHandler, http://www.springframework.org/schema/cache=org.springframework.cache.config.CacheNamespaceHandler, http://www.springframework.org/schema/jdbc=org.springframework.jdbc.config.JdbcNamespaceHandler, http://www.springframework.org/schema/p=org.springframework.beans.factory.xml.SimplePropertyNamespaceHandler, http://www.springframework.org/schema/util=org.springframework.beans.factory.xml.UtilNamespaceHandler, http://www.springframework.org/schema/tx=org.springframework.transaction.config.TxNamespaceHandler, http://www.alibaba.com/schema/stat=com.alibaba.druid.support.spring.stat.config.DruidStatNamespaceHandler, http://www.springframework.org/schema/context=org.springframework.context.config.ContextNamespaceHandler, http://www.springframework.org/schema/mvc=org.springframework.web.servlet.config.MvcNamespaceHandler}]
[2023-09-04 01:20:32.168] [DEBUG] [main] [org.springframework.beans.factory.xml.BeanDefinitionParserDelegate] [Neither XML &apos;id&apos; nor &apos;name&apos; specified - using generated bean name [com.github.pagehelper.PageHelper#7b4c50bc]]
[2023-09-04 01:20:32.168] [DEBUG] [main] [org.springframework.beans.factory.xml.XmlBeanDefinitionReader] [Loaded 4 bean definitions from location pattern [classpath:spring-persist-mybatis.xml]]
[2023-09-04 01:20:32.168] [INFO ] [main] [org.springframework.beans.factory.xml.XmlBeanDefinitionReader] [Loading XML bean definitions from class path resource [spring-persist-tx.xml]]
[2023-09-04 01:20:32.168] [DEBUG] [main] [org.springframework.beans.factory.xml.DefaultDocumentLoader] [Using JAXP provider [com.sun.org.apache.xerces.internal.jaxp.DocumentBuilderFactoryImpl]]
[2023-09-04 01:20:32.169] [DEBUG] [main] [org.springframework.beans.factory.xml.PluggableSchemaResolver] [Found XML schema [http://www.springframework.org/schema/beans/spring-beans.xsd] in classpath: org/springframework/beans/factory/xml/spring-beans-4.3.xsd]
[2023-09-04 01:20:32.176] [DEBUG] [main] [org.springframework.beans.factory.xml.PluggableSchemaResolver] [Found XML schema [http://www.springframework.org/schema/context/spring-context-4.3.xsd] in classpath: org/springframework/context/config/spring-context-4.3.xsd]
[2023-09-04 01:20:32.177] [DEBUG] [main] [org.springframework.beans.factory.xml.PluggableSchemaResolver] [Found XML schema [http://www.springframework.org/schema/tool/spring-tool-4.3.xsd] in classpath: org/springframework/beans/factory/xml/spring-tool-4.3.xsd]
[2023-09-04 01:20:32.179] [DEBUG] [main] [org.springframework.beans.factory.xml.PluggableSchemaResolver] [Found XML schema [http://www.springframework.org/schema/aop/spring-aop-4.3.xsd] in classpath: org/springframework/aop/config/spring-aop-4.3.xsd]
[2023-09-04 01:20:32.182] [DEBUG] [main] [org.springframework.beans.factory.xml.PluggableSchemaResolver] [Found XML schema [http://www.springframework.org/schema/tx/spring-tx-4.3.xsd] in classpath: org/springframework/transaction/config/spring-tx-4.3.xsd]
[2023-09-04 01:20:32.183] [DEBUG] [main] [org.springframework.beans.factory.xml.DefaultBeanDefinitionDocumentReader] [Loading bean definitions]
[2023-09-04 01:20:32.186] [DEBUG] [main] [org.springframework.core.io.support.PathMatchingResourcePatternResolver] [Resolved classpath location [com/welisit/crowd/service/] to resources []]
[2023-09-04 01:20:32.187] [DEBUG] [main] [org.springframework.core.io.support.PathMatchingResourcePatternResolver] [Resolved location pattern [classpath*:com/welisit/crowd/service/**/*.class] to resources []]
[2023-09-04 01:20:32.191] [DEBUG] [main] [org.springframework.beans.factory.xml.BeanDefinitionParserDelegate] [Neither XML &apos;id&apos; nor &apos;name&apos; specified - using generated bean name [org.springframework.security.crypto.bcrypt.BCryptPasswordEncoder#0]]
[2023-09-04 01:20:32.199] [DEBUG] [main] [org.springframework.beans.factory.xml.XmlBeanDefinitionReader] [Loaded 11 bean definitions from location pattern [classpath:spring-persist-tx.xml]]
[2023-09-04 01:20:32.204] [INFO ] [main] [org.springframework.context.support.GenericApplicationContext] [Refreshing org.springframework.context.support.GenericApplicationContext@6ff29830: startup date [Mon Sep 04 01:20:32 CST 2023]; root of context hierarchy]
[2023-09-04 01:20:32.204] [DEBUG] [main] [org.springframework.context.support.GenericApplicationContext] [Bean factory for org.springframework.context.support.GenericApplicationContext@6ff29830: org.springframework.beans.factory.support.DefaultListableBeanFactory@57a3e26a: defining beans [org.springframework.context.support.PropertySourcesPlaceholderConfigurer#0,dataSource,sqlSessionFactoryBean,mapperScannerConfigurer,org.springframework.context.annotation.internalConfigurationAnnotationProcessor,org.springframework.context.annotation.internalAutowiredAnnotationProcessor,org.springframework.context.annotation.internalRequiredAnnotationProcessor,org.springframework.context.event.internalEventListenerProcessor,org.springframework.context.event.internalEventListenerFactory,org.springframework.security.crypto.bcrypt.BCryptPasswordEncoder#0,transactionManager,org.springframework.aop.config.internalAutoProxyCreator,txPointCut,org.springframework.aop.support.DefaultBeanFactoryPointcutAdvisor#0,txAdvice]; root of factory hierarchy]
[2023-09-04 01:20:32.217] [DEBUG] [main] [org.springframework.beans.factory.support.DefaultListableBeanFactory] [Creating shared instance of singleton bean &apos;org.springframework.context.annotation.internalConfigurationAnnotationProcessor&apos;]
[2023-09-04 01:20:32.218] [DEBUG] [main] [org.springframework.beans.factory.support.DefaultListableBeanFactory] [Creating instance of bean &apos;org.springframework.context.annotation.internalConfigurationAnnotationProcessor&apos;]
[2023-09-04 01:20:32.223] [DEBUG] [main] [org.springframework.beans.factory.support.DefaultListableBeanFactory] [Eagerly caching bean &apos;org.springframework.context.annotation.internalConfigurationAnnotationProcessor&apos; to allow for resolving potential circular references]
[2023-09-04 01:20:32.223] [DEBUG] [main] [org.springframework.beans.factory.support.DefaultListableBeanFactory] [Finished creating instance of bean &apos;org.springframework.context.annotation.internalConfigurationAnnotationProcessor&apos;]
[2023-09-04 01:20:32.239] [DEBUG] [main] [org.springframework.beans.factory.support.DefaultListableBeanFactory] [Creating shared instance of singleton bean &apos;mapperScannerConfigurer&apos;]
[2023-09-04 01:20:32.239] [DEBUG] [main] [org.springframework.beans.factory.support.DefaultListableBeanFactory] [Creating instance of bean &apos;mapperScannerConfigurer&apos;]
[2023-09-04 01:20:32.240] [DEBUG] [main] [org.springframework.beans.factory.support.DefaultListableBeanFactory] [Eagerly caching bean &apos;mapperScannerConfigurer&apos; to allow for resolving potential circular references]
[2023-09-04 01:20:32.259] [DEBUG] [main] [org.springframework.beans.factory.support.DefaultListableBeanFactory] [Invoking afterPropertiesSet() on bean with name &apos;mapperScannerConfigurer&apos;]
[2023-09-04 01:20:32.259] [DEBUG] [main] [org.springframework.beans.factory.support.DefaultListableBeanFactory] [Finished creating instance of bean &apos;mapperScannerConfigurer&apos;]
[2023-09-04 01:20:32.260] [DEBUG] [main] [org.springframework.core.env.StandardEnvironment] [Adding PropertySource &apos;systemProperties&apos; with lowest search precedence]
[2023-09-04 01:20:32.260] [DEBUG] [main] [org.springframework.core.env.StandardEnvironment] [Adding PropertySource &apos;systemEnvironment&apos; with lowest search precedence]
[2023-09-04 01:20:32.260] [DEBUG] [main] [org.springframework.core.env.StandardEnvironment] [Initialized StandardEnvironment with PropertySources [MapPropertySource@462773420 {name=&apos;systemProperties&apos;, properties={socksProxyHost=127.0.0.1, http.proxyHost=127.0.0.1, java.specification.version=17, sun.jnu.encoding=UTF-8, java.class.path=/Users/dobi/Desktop/SCW/atcrowdfunding01-admin-parent/atcrowdfunding02-admin-webui/target/test-classes:/Users/dobi/Desktop/SCW/atcrowdfunding01-admin-parent/atcrowdfunding02-admin-webui/target/classes:/Users/dobi/Desktop/SCW/atcrowdfunding01-admin-parent/atcrowdfunding03-admin-component/target/atcrowdfunding03-admin-component-0.0.1-SNAPSHOT.jar:/Users/dobi/Desktop/SCW/atcrowdfunding01-admin-parent/atcrowdfunding04-admin-entity/target/atcrowdfunding04-admin-entity-0.0.1-SNAPSHOT.jar:/usr/local/ApacheMaven/repository/com/atguigu/crowd/atcrowdfunding05-common-util/0.0.1-SNAPSHOT/atcrowdfunding05-common-util-0.0.1-SNAPSHOT.jar:/usr/local/ApacheMaven/repository/com/alibaba/fastjson/1.2.62/fastjson-1.2.62.jar:/usr/local/ApacheMaven/repository/org/apache/httpcomponents/httpclient/4.5.13/httpclient-4.5.13.jar:/usr/local/ApacheMaven/repository/commons-logging/commons-logging/1.2/commons-logging-1.2.jar:/usr/local/ApacheMaven/repository/commons-codec/commons-codec/1.11/commons-codec-1.11.jar:/usr/local/ApacheMaven/repository/org/apache/httpcomponents/httpcore/4.4.14/httpcore-4.4.14.jar:/usr/local/ApacheMaven/repository/commons-lang/commons-lang/2.6/commons-lang-2.6.jar:/usr/local/ApacheMaven/repository/com/aliyun/oss/aliyun-sdk-oss/3.16.0/aliyun-sdk-oss-3.16.0.jar:/usr/local/ApacheMaven/repository/org/jdom/jdom2/2.0.6.1/jdom2-2.0.6.1.jar:/usr/local/ApacheMaven/repository/org/codehaus/jettison/jettison/1.5.1/jettison-1.5.1.jar:/usr/local/ApacheMaven/repository/com/aliyun/aliyun-java-sdk-core/4.5.10/aliyun-java-sdk-core-4.5.10.jar:/usr/local/ApacheMaven/repository/javax/xml/bind/jaxb-api/2.3.1/jaxb-api-2.3.1.jar:/usr/local/ApacheMaven/repository/javax/activation/javax.activation-api/1.2.0/javax.activation-api-1.2.0.jar:/usr/local/ApacheMaven/repository/org/jacoco/org.jacoco.agent/0.8.5/org.jacoco.agent-0.8.5-runtime.jar:/usr/local/ApacheMaven/repository/org/ini4j/ini4j/0.5.4/ini4j-0.5.4.jar:/usr/local/ApacheMaven/repository/io/opentracing/opentracing-api/0.33.0/opentracing-api-0.33.0.jar:/usr/local/ApacheMaven/repository/io/opentracing/opentracing-util/0.33.0/opentracing-util-0.33.0.jar:/usr/local/ApacheMaven/repository/io/opentracing/opentracing-noop/0.33.0/opentracing-noop-0.33.0.jar:/usr/local/ApacheMaven/repository/com/aliyun/aliyun-java-sdk-ram/3.1.0/aliyun-java-sdk-ram-3.1.0.jar:/usr/local/ApacheMaven/repository/com/aliyun/aliyun-java-sdk-kms/2.11.0/aliyun-java-sdk-kms-2.11.0.jar:/usr/local/ApacheMaven/repository/org/springframework/spring-orm/4.3.20.RELEASE/spring-orm-4.3.20.RELEASE.jar:/usr/local/ApacheMaven/repository/org/springframework/spring-beans/4.3.20.RELEASE/spring-beans-4.3.20.RELEASE.jar:/usr/local/ApacheMaven/repository/org/springframework/spring-jdbc/4.3.20.RELEASE/spring-jdbc-4.3.20.RELEASE.jar:/usr/local/ApacheMaven/repository/org/springframework/spring-tx/4.3.20.RELEASE/spring-tx-4.3.20.RELEASE.jar:/usr/local/ApacheMaven/repository/org/springframework/spring-webmvc/4.3.20.RELEASE/spring-webmvc-4.3.20.RELEASE.jar:/usr/local/ApacheMaven/repository/org/springframework/spring-aop/4.3.20.RELEASE/spring-aop-4.3.20.RELEASE.jar:/usr/local/ApacheMaven/repository/org/springframework/spring-context/4.3.20.RELEASE/spring-context-4.3.20.RELEASE.jar:/usr/local/ApacheMaven/repository/org/springframework/spring-expression/4.3.20.RELEASE/spring-expression-4.3.20.RELEASE.jar:/usr/local/ApacheMaven/repository/org/aspectj/aspectjweaver/1.9.2/aspectjweaver-1.9.2.jar:/usr/local/ApacheMaven/repository/cglib/cglib/2.2/cglib-2.2.jar:/usr/local/ApacheMaven/repository/asm/asm/3.1/asm-3.1.jar:/usr/local/ApacheMaven/repository/mysql/mysql-connector-java/8.0.29/mysql-connector-java-8.0.29.jar:/usr/local/ApacheMaven/repository/com/google/protobuf/protobuf-java/3.19.4/protobuf-java-3.19.4.jar:/usr/local/ApacheMaven/repository/com/alibaba/druid/1.0.31/druid-1.0.31.jar:/usr/local/ApacheMaven/repository/org/mybatis/mybatis/3.2.8/mybatis-3.2.8.jar:/usr/local/ApacheMaven/repository/org/mybatis/mybatis-spring/1.2.2/mybatis-spring-1.2.2.jar:/usr/local/ApacheMaven/repository/com/github/pagehelper/pagehelper/4.0.0/pagehelper-4.0.0.jar:/usr/local/ApacheMaven/repository/com/github/jsqlparser/jsqlparser/0.9.1/jsqlparser-0.9.1.jar:/usr/local/ApacheMaven/repository/org/slf4j/slf4j-api/1.7.7/slf4j-api-1.7.7.jar:/usr/local/ApacheMaven/repository/ch/qos/logback/logback-classic/1.2.3/logback-classic-1.2.3.jar:/usr/local/ApacheMaven/repository/ch/qos/logback/logback-core/1.2.3/logback-core-1.2.3.jar:/usr/local/ApacheMaven/repository/org/slf4j/jcl-over-slf4j/1.7.25/jcl-over-slf4j-1.7.25.jar:/usr/local/ApacheMaven/repository/com/fasterxml/jackson/core/jackson-core/2.9.8/jackson-core-2.9.8.jar:/usr/local/ApacheMaven/repository/com/fasterxml/jackson/core/jackson-databind/2.9.8/jackson-databind-2.9.8.jar:/usr/local/ApacheMaven/repository/com/fasterxml/jackson/core/jackson-annotations/2.9.0/jackson-annotations-2.9.0.jar:/usr/local/ApacheMaven/repository/jstl/jstl/1.2/jstl-1.2.jar:/usr/local/ApacheMaven/repository/com/google/code/gson/gson/2.8.5/gson-2.8.5.jar:/usr/local/ApacheMaven/repository/org/springframework/security/spring-security-web/4.2.10.RELEASE/spring-security-web-4.2.10.RELEASE.jar:/usr/local/ApacheMaven/repository/aopalliance/aopalliance/1.0/aopalliance-1.0.jar:/usr/local/ApacheMaven/repository/org/springframework/security/spring-security-core/4.2.10.RELEASE/spring-security-core-4.2.10.RELEASE.jar:/usr/local/ApacheMaven/repository/org/springframework/security/spring-security-config/4.2.10.RELEASE/spring-security-config-4.2.10.RELEASE.jar:/usr/local/ApacheMaven/repository/org/springframework/security/spring-security-taglibs/4.2.10.RELEASE/spring-security-taglibs-4.2.10.RELEASE.jar:/usr/local/ApacheMaven/repository/org/springframework/security/spring-security-acl/4.2.10.RELEASE/spring-security-acl-4.2.10.RELEASE.jar:/usr/local/ApacheMaven/repository/org/springframework/spring-test/4.3.20.RELEASE/spring-test-4.3.20.RELEASE.jar:/usr/local/ApacheMaven/repository/org/springframework/spring-core/4.3.20.RELEASE/spring-core-4.3.20.RELEASE.jar:/usr/local/ApacheMaven/repository/junit/junit/4.12/junit-4.12.jar:/usr/local/ApacheMaven/repository/org/hamcrest/hamcrest-core/1.3/hamcrest-core-1.3.jar:/usr/local/ApacheMaven/repository/javax/servlet/servlet-api/2.5/servlet-api-2.5.jar:/usr/local/ApacheMaven/repository/javax/servlet/jsp/jsp-api/2.1.3-b06/jsp-api-2.1.3-b06.jar:/usr/local/ApacheMaven/repository/org/glassfish/javax.servlet/3.0-b70/javax.servlet-3.0-b70.jar:/usr/local/ApacheMaven/repository/javax/el/el-api/2.1.2-b05/el-api-2.1.2-b05.jar:/usr/local/ApacheMaven/repository/org/springframework/cloud/spring-cloud-starter-openfeign/4.0.1/spring-cloud-starter-openfeign-4.0.1.jar:/usr/local/ApacheMaven/repository/org/springframework/cloud/spring-cloud-starter/4.0.1/spring-cloud-starter-4.0.1.jar:/usr/local/ApacheMaven/repository/org/springframework/boot/spring-boot-starter/3.0.2/spring-boot-starter-3.0.2.jar:/usr/local/ApacheMaven/repository/org/springframework/boot/spring-boot/3.0.2/spring-boot-3.0.2.jar:/usr/local/ApacheMaven/repository/org/springframework/boot/spring-boot-starter-logging/3.0.2/spring-boot-starter-logging-3.0.2.jar:/usr/local/ApacheMaven/repository/org/apache/logging/log4j/log4j-to-slf4j/2.19.0/log4j-to-slf4j-2.19.0.jar:/usr/local/ApacheMaven/repository/org/apache/logging/log4j/log4j-api/2.19.0/log4j-api-2.19.0.jar:/usr/local/ApacheMaven/repository/org/slf4j/jul-to-slf4j/1.7.25/jul-to-slf4j-1.7.25.jar:/usr/local/ApacheMaven/repository/jakarta/annotation/jakarta.annotation-api/2.1.1/jakarta.annotation-api-2.1.1.jar:/usr/local/ApacheMaven/repository/org/yaml/snakeyaml/1.33/snakeyaml-1.33.jar:/usr/local/ApacheMaven/repository/org/springframework/cloud/spring-cloud-context/4.0.1/spring-cloud-context-4.0.1.jar:/usr/local/ApacheMaven/repository/org/springframework/security/spring-security-rsa/1.0.11.RELEASE/spring-security-rsa-1.0.11.RELEASE.jar:/usr/local/ApacheMaven/repository/org/bouncycastle/bcpkix-jdk15on/1.69/bcpkix-jdk15on-1.69.jar:/usr/local/ApacheMaven/repository/org/bouncycastle/bcprov-jdk15on/1.69/bcprov-jdk15on-1.69.jar:/usr/local/ApacheMaven/repository/org/bouncycastle/bcutil-jdk15on/1.69/bcutil-jdk15on-1.69.jar:/usr/local/ApacheMaven/repository/org/springframework/cloud/spring-cloud-openfeign-core/4.0.1/spring-cloud-openfeign-core-4.0.1.jar:/usr/local/ApacheMaven/repository/org/springframework/boot/spring-boot-autoconfigure/3.0.2/spring-boot-autoconfigure-3.0.2.jar:/usr/local/ApacheMaven/repository/org/springframework/boot/spring-boot-starter-aop/3.0.2/spring-boot-starter-aop-3.0.2.jar:/usr/local/ApacheMaven/repository/io/github/openfeign/form/feign-form-spring/3.8.0/feign-form-spring-3.8.0.jar:/usr/local/ApacheMaven/repository/io/github/openfeign/form/feign-form/3.8.0/feign-form-3.8.0.jar:/usr/local/ApacheMaven/repository/commons-fileupload/commons-fileupload/1.4/commons-fileupload-1.4.jar:/usr/local/ApacheMaven/repository/org/springframework/spring-web/6.0.4/spring-web-6.0.4.jar:/usr/local/ApacheMaven/repository/io/micrometer/micrometer-observation/1.10.3/micrometer-observation-1.10.3.jar:/usr/local/ApacheMaven/repository/io/micrometer/micrometer-commons/1.10.3/micrometer-commons-1.10.3.jar:/usr/local/ApacheMaven/repository/org/springframework/cloud/spring-cloud-commons/4.0.1/spring-cloud-commons-4.0.1.jar:/usr/local/ApacheMaven/repository/org/springframework/security/spring-security-crypto/6.0.1/spring-security-crypto-6.0.1.jar:/usr/local/ApacheMaven/repository/io/github/openfeign/feign-core/12.1/feign-core-12.1.jar:/usr/local/ApacheMaven/repository/io/github/openfeign/feign-
[...]
[2023-09-04 01:20:32.850] [DEBUG] [main] [org.springframework.beans.factory.support.DefaultListableBeanFactory] [Returning cached instance of singleton bean &apos;org.springframework.context.support.PropertySourcesPlaceholderConfigurer#0&apos;]
[2023-09-04 01:20:32.850] [DEBUG] [main] [org.springframework.beans.factory.support.DefaultListableBeanFactory] [Creating shared instance of singleton bean &apos;dataSource&apos;]
[2023-09-04 01:20:32.850] [DEBUG] [main] [org.springframework.beans.factory.support.DefaultListableBeanFactory] [Creating instance of bean &apos;dataSource&apos;]
[2023-09-04 01:20:32.850] [DEBUG] [main] [org.springframework.beans.factory.support.DefaultListableBeanFactory] [Creating shared instance of singleton bean &apos;org.springframework.aop.support.DefaultBeanFactoryPointcutAdvisor#0&apos;]
[2023-09-04 01:20:32.850] [DEBUG] [main] [org.springframework.beans.factory.support.DefaultListableBeanFactory] [Creating instance of bean &apos;org.springframework.aop.support.DefaultBeanFactoryPointcutAdvisor#0&apos;]
[2023-09-04 01:20:32.850] [DEBUG] [main] [org.springframework.beans.factory.support.DefaultListableBeanFactory] [Eagerly caching bean &apos;org.springframework.aop.support.DefaultBeanFactoryPointcutAdvisor#0&apos; to allow for resolving potential circular references]
[2023-09-04 01:20:32.851] [DEBUG] [main] [org.springframework.beans.factory.support.DefaultListableBeanFactory] [Creating instance of bean &apos;txPointCut&apos;]
[2023-09-04 01:20:32.851] [DEBUG] [main] [org.springframework.beans.factory.support.DefaultListableBeanFactory] [Finished creating instance of bean &apos;txPointCut&apos;]
[2023-09-04 01:20:32.851] [DEBUG] [main] [org.springframework.beans.factory.support.DefaultListableBeanFactory] [Finished creating instance of bean &apos;org.springframework.aop.support.DefaultBeanFactoryPointcutAdvisor#0&apos;]
[2023-09-04 01:20:32.851] [DEBUG] [main] [org.springframework.beans.factory.support.DefaultListableBeanFactory] [Eagerly caching bean &apos;dataSource&apos; to allow for resolving potential circular references]
[2023-09-04 01:20:32.855] [DEBUG] [main] [org.springframework.beans.factory.support.DefaultListableBeanFactory] [Returning cached instance of singleton bean &apos;org.springframework.aop.support.DefaultBeanFactoryPointcutAdvisor#0&apos;]
[2023-09-04 01:20:32.855] [DEBUG] [main] [org.springframework.beans.factory.support.DefaultListableBeanFactory] [Returning cached instance of singleton bean &apos;org.springframework.aop.support.DefaultBeanFactoryPointcutAdvisor#0&apos;]
[2023-09-04 01:20:32.866] [DEBUG] [main] [org.springframework.beans.factory.support.DefaultListableBeanFactory] [Finished creating instance of bean &apos;dataSource&apos;]
[2023-09-04 01:20:32.866] [DEBUG] [main] [org.springframework.beans.factory.support.DefaultListableBeanFactory] [Creating shared instance of singleton bean &apos;sqlSessionFactoryBean&apos;]
[2023-09-04 01:20:32.866] [DEBUG] [main] [org.springframework.beans.factory.support.DefaultListableBeanFactory] [Creating instance of bean &apos;sqlSessionFactoryBean&apos;]
[2023-09-04 01:20:32.866] [DEBUG] [main] [org.springframework.beans.factory.support.DefaultListableBeanFactory] [Returning cached instance of singleton bean &apos;org.springframework.aop.support.DefaultBeanFactoryPointcutAdvisor#0&apos;]
[2023-09-04 01:20:32.866] [DEBUG] [main] [org.springframework.beans.factory.support.DefaultListableBeanFactory] [Eagerly caching bean &apos;sqlSessionFactoryBean&apos; to allow for resolving potential circular references]
[2023-09-04 01:20:32.867] [DEBUG] [main] [org.springframework.core.io.support.PathMatchingResourcePatternResolver] [Looking for matching resources in directory tree [/Users/dobi/Desktop/SCW/atcrowdfunding01-admin-parent/atcrowdfunding02-admin-webui/target/classes/mybatis/mapper]]
[2023-09-04 01:20:32.867] [DEBUG] [main] [org.springframework.core.io.support.PathMatchingResourcePatternResolver] [Searching directory [/Users/dobi/Desktop/SCW/atcrowdfunding01-admin-parent/atcrowdfunding02-admin-webui/target/classes/mybatis/mapper] for files matching pattern [/Users/dobi/Desktop/SCW/atcrowdfunding01-admin-parent/atcrowdfunding02-admin-webui/target/classes/mybatis/mapper/*Mapper.xml]]
[2023-09-04 01:20:32.867] [DEBUG] [main] [org.springframework.core.io.support.PathMatchingResourcePatternResolver] [Resolved location pattern [classpath:mybatis/mapper/*Mapper.xml] to resources [file [/Users/dobi/Desktop/SCW/atcrowdfunding01-admin-parent/atcrowdfunding02-admin-webui/target/classes/mybatis/mapper/AdminMapper.xml], file [/Users/dobi/Desktop/SCW/atcrowdfunding01-admin-parent/atcrowdfunding02-admin-webui/target/classes/mybatis/mapper/AuthMapper.xml], file [/Users/dobi/Desktop/SCW/atcrowdfunding01-admin-parent/atcrowdfunding02-admin-webui/target/classes/mybatis/mapper/MenuMapper.xml], file [/Users/dobi/Desktop/SCW/atcrowdfunding01-admin-parent/atcrowdfunding02-admin-webui/target/classes/mybatis/mapper/RoleMapper.xml]]]
[2023-09-04 01:20:32.867] [DEBUG] [main] [org.springframework.beans.factory.support.DefaultListableBeanFactory] [Returning cached instance of singleton bean &apos;dataSource&apos;]
[2023-09-04 01:20:32.867] [DEBUG] [main] [org.springframework.beans.factory.support.DefaultListableBeanFactory] [Creating instance of bean &apos;com.github.pagehelper.PageHelper#1059754c&apos;]
[2023-09-04 01:20:32.868] [DEBUG] [main] [org.springframework.beans.factory.support.DefaultListableBeanFactory] [Returning cached instance of singleton bean &apos;org.springframework.aop.support.DefaultBeanFactoryPointcutAdvisor#0&apos;]
[2023-09-04 01:20:32.868] [DEBUG] [main] [org.springframework.beans.factory.support.DefaultListableBeanFactory] [Returning cached instance of singleton bean &apos;org.springframework.aop.support.DefaultBeanFactoryPointcutAdvisor#0&apos;]
[2023-09-04 01:20:32.868] [DEBUG] [main] [org.springframework.beans.factory.support.DefaultListableBeanFactory] [Returning cached instance of singleton bean &apos;org.springframework.aop.support.DefaultBeanFactoryPointcutAdvisor#0&apos;]
[2023-09-04 01:20:32.868] [DEBUG] [main] [org.springframework.beans.factory.support.DefaultListableBeanFactory] [Finished creating instance of bean &apos;com.github.pagehelper.PageHelper#1059754c&apos;]
[2023-09-04 01:20:32.868] [DEBUG] [main] [org.springframework.beans.factory.support.DefaultListableBeanFactory] [Invoking afterPropertiesSet() on bean with name &apos;sqlSessionFactoryBean&apos;]
[2023-09-04 01:20:32.869] [DEBUG] [main] [org.mybatis.spring.SqlSessionFactoryBean] [Registered plugin: &apos;com.github.pagehelper.PageHelper@28c88600&apos;]
[2023-09-04 01:20:32.870] [DEBUG] [main] [org.mybatis.spring.SqlSessionFactoryBean] [Parsed configuration file: &apos;class path resource [mybatis/mybatis-config.xml]&apos;]
[2023-09-04 01:20:32.874] [DEBUG] [main] [org.springframework.beans.factory.support.DefaultListableBeanFactory] [Retrieved dependent beans for bean &apos;com.github.pagehelper.PageHelper#1059754c&apos;: [sqlSessionFactoryBean]]
[2023-09-04 01:20:32.874] [WARN ] [main] [org.springframework.context.support.GenericApplicationContext] [Exception encountered during context initialization - cancelling refresh attempt: org.springframework.beans.factory.BeanCreationException: Error creating bean with name &apos;sqlSessionFactoryBean&apos; defined in class path resource [spring-persist-mybatis.xml]: Invocation of init method failed; nested exception is org.springframework.core.NestedIOException: Failed to parse mapping resource: &apos;file [/Users/dobi/Desktop/SCW/atcrowdfunding01-admin-parent/atcrowdfunding02-admin-webui/target/classes/mybatis/mapper/AdminMapper.xml]&apos;; nested exception is org.apache.ibatis.builder.BuilderException: Error parsing Mapper XML. Cause: org.apache.ibatis.builder.BuilderException: Error resolving class. Cause: org.apache.ibatis.type.TypeException: Could not resolve type alias &apos;com.welisit.crowd.entity.Admin&apos;.  Cause: java.lang.ClassNotFoundException: Cannot find class: com.welisit.crowd.entity.Admin]
[2023-09-04 01:20:32.874] [DEBUG] [main] [org.springframework.beans.factory.support.DefaultListableBeanFactory] [Destroying singletons in org.springframework.beans.factory.support.DefaultListableBeanFactory@3935e9a8: defining beans [org.springframework.context.support.PropertySourcesPlaceholderConfigurer#0,dataSource,sqlSessionFactoryBean,mapperScannerConfigurer,org.springframework.context.annotation.internalConfigurationAnnotationProcessor,org.springframework.context.annotation.internalAutowiredAnnotationProcessor,org.springframework.context.annotation.internalRequiredAnnotationProcessor,org.springframework.context.event.internalEventListenerProcessor,org.springframework.context.event.internalEventListenerFactory,org.springframework.security.crypto.bcrypt.BCryptPasswordEncoder#0,transactionManager,org.springframework.aop.config.internalAutoProxyCreator,txPointCut,org.springframework.aop.support.DefaultBeanFactoryPointcutAdvisor#0,txAdvice]; root of factory hierarchy]
[2023-09-04 01:20:32.875] [DEBUG] [main] [org.springframework.beans.factory.support.DisposableBeanAdapter] [Invoking destroy method &apos;close&apos; on bean with name &apos;dataSource&apos;]
[2023-09-04 01:20:32.875] [ERROR] [main] [org.springframework.test.context.TestContextManager] [Caught exception while allowing TestExecutionListener [org.springframework.test.context.support.DependencyInjectionTestExecutionListener@41a2befb] to prepare test instance [com.atguigu.crowd.test.CrowdTest@bf71cec]]
java.lang.IllegalStateException: Failed to load ApplicationContext
	at org.springframework.test.context.cache.DefaultCacheAwareContextLoaderDelegate.loadContext(DefaultCacheAwareContextLoaderDelegate.java:124)
	at org.springframework.test.context.support.DefaultTestContext.getApplicationContext(DefaultTestContext.java:83)
	at org.springframework.test.context.support.DependencyInjectionTestExecutionListener.injectDependencies(DependencyInjectionTestExecutionListener.java:117)
	at org.springframework.test.context.support.DependencyInjectionTestExecutionListener.prepareTestInstance(DependencyInjectionTestExecutionListener.java:83)
	at org.springframework.test.context.TestContextManager.prepareTestInstance(TestContextManager.java:230)
	at org.springframework.test.context.junit4.SpringJUnit4ClassRunner.createTest(SpringJUnit4ClassRunner.java:228)
	at org.springframework.test.context.junit4.SpringJUnit4ClassRunner$1.runReflectiveCall(SpringJUnit4ClassRunner.java:287)
	at org.junit.internal.runners.model.ReflectiveCallable.run(ReflectiveCallable.java:12)
	at org.springframework.test.context.junit4.SpringJUnit4ClassRunner.methodBlock(SpringJUnit4ClassRunner.java:289)
	at org.springframework.test.context.junit4.SpringJUnit4ClassRunner.runChild(SpringJUnit4ClassRunner.java:247)
	at org.springframework.test.context.junit4.SpringJUnit4ClassRunner.runChild(SpringJUnit4ClassRunner.java:94)
	at org.junit.runners.ParentRunner$3.run(ParentRunner.java:290)
	at org.junit.runners.ParentRunner$1.schedule(ParentRunner.java:71)
	at org.junit.runners.ParentRunner.runChildren(ParentRunner.java:288)
	at org.junit.runners.ParentRunner.access$000(ParentRunner.java:58)
	at org.junit.runners.ParentRunner$2.evaluate(ParentRunner.java:268)
	at org.springframework.test.context.junit4.statements.RunBeforeTestClassCallbacks.evaluate(RunBeforeTestClassCallbacks.java:61)
	at org.springframework.test.context.junit4.statements.RunAfterTestClassCallbacks.evaluate(RunAfterTestClassCallbacks.java:70)
	at org.junit.runners.ParentRunner.run(ParentRunner.java:363)
	at org.springframework.test.context.junit4.SpringJUnit4ClassRunner.run(SpringJUnit4ClassRunner.java:191)
	at org.apache.maven.surefire.junit4.JUnit4Provider.execute(JUnit4Provider.java:252)
	at org.apache.maven.surefire.junit4.JUnit4Provider.executeTestSet(JUnit4Provider.java:141)
	at org.apache.maven.surefire.junit4.JUnit4Provider.invoke(JUnit4Provider.java:112)
	at java.base/jdk.internal.reflect.NativeMethodAccessorImpl.invoke0(Native Method)
	at java.base/jdk.internal.reflect.NativeMethodAccessorImpl.invoke(NativeMethodAccessorImpl.java:77)
	at java.base/jdk.internal.reflect.DelegatingMethodAccessorImpl.invoke(DelegatingMethodAccessorImpl.java:43)
	at java.base/java.lang.reflect.Method.invoke(Method.java:568)
	at org.apache.maven.surefire.util.ReflectionUtils.invokeMethodWithArray(ReflectionUtils.java:189)
	at org.apache.maven.surefire.booter.ProviderFactory$ProviderProxy.invoke(ProviderFactory.java:165)
	at org.apache.maven.surefire.booter.ProviderFactory.invokeProvider(ProviderFactory.java:85)
	at org.apache.maven.surefire.booter.ForkedBooter.runSuitesInProcess(ForkedBooter.java:115)
	at org.apache.maven.surefire.booter.ForkedBooter.main(ForkedBooter.java:75)
Caused by: org.springframework.beans.factory.BeanCreationException: Error creating bean with name &apos;sqlSessionFactoryBean&apos; defined in class path resource [spring-persist-mybatis.xml]: Invocation of init method failed; nested exception is org.springframework.core.NestedIOException: Failed to parse mapping resource: &apos;file [/Users/dobi/Desktop/SCW/atcrowdfunding01-admin-parent/atcrowdfunding02-admin-webui/target/classes/mybatis/mapper/AdminMapper.xml]&apos;; nested exception is org.apache.ibatis.builder.BuilderException: Error parsing Mapper XML. Cause: org.apache.ibatis.builder.BuilderException: Error resolving class. Cause: org.apache.ibatis.type.TypeException: Could not resolve type alias &apos;com.welisit.crowd.entity.Admin&apos;.  Cause: java.lang.ClassNotFoundException: Cannot find class: com.welisit.crowd.entity.Admin
	at org.springframework.beans.factory.support.AbstractAutowireCapableBeanFactory.initializeBean(AbstractAutowireCapableBeanFactory.java:1631)
	at org.springframework.beans.factory.support.AbstractAutowireCapableBeanFactory.doCreateBean(AbstractAutowireCapableBeanFactory.java:553)
	at org.springframework.beans.factory.support.AbstractAutowireCapableBeanFactory.createBean(AbstractAutowireCapableBeanFactory.java:481)
	at org.springframework.beans.factory.support.AbstractBeanFactory$1.getObject(AbstractBeanFactory.java:312)
	at org.springframework.beans.factory.support.DefaultSingletonBeanRegistry.getSingleton(DefaultSingletonBeanRegistry.java:230)
	at org.springframework.beans.factory.support.AbstractBeanFactory.doGetBean(AbstractBeanFactory.java:308)
	at org.springframework.beans.factory.support.AbstractBeanFactory.getBean(AbstractBeanFactory.java:197)
	at org.springframework.beans.factory.support.DefaultListableBeanFactory.preInstantiateSingletons(DefaultListableBeanFactory.java:742)
	at org.springframework.context.support.AbstractApplicationContext.finishBeanFactoryInitialization(AbstractApplicationContext.java:867)
	at org.springframework.context.support.AbstractApplicationContext.refresh(AbstractApplicationContext.java:543)
	at org.springframework.test.context.support.AbstractGenericContextLoader.loadContext(AbstractGenericContextLoader.java:128)
	at org.springframework.test.context.support.AbstractGenericContextLoader.loadContext(AbstractGenericContextLoader.java:60)
	at org.springframework.test.context.support.AbstractDelegatingSmartContextLoader.delegateLoading(AbstractDelegatingSmartContextLoader.java:281)
	at org.springframework.test.context.support.AbstractDelegatingSmartContextLoader.loadContext(AbstractDelegatingSmartContextLoader.java:249)
	at org.springframework.test.context.cache.DefaultCacheAwareContextLoaderDelegate.loadContextInternal(DefaultCacheAwareContextLoaderDelegate.java:98)
	at org.springframework.test.context.cache.DefaultCacheAwareContextLoaderDelegate.loadContext(DefaultCacheAwareContextLoaderDelegate.java:116)
	... 31 common frames omitted
Caused by: org.springframework.core.NestedIOException: Failed to parse mapping resource: &apos;file [/Users/dobi/Desktop/SCW/atcrowdfunding01-admin-parent/atcrowdfunding02-admin-webui/target/classes/mybatis/mapper/AdminMapper.xml]&apos;; nested exception is org.apache.ibatis.builder.BuilderException: Error parsing Mapper XML. Cause: org.apache.ibatis.builder.BuilderException: Error resolving class. Cause: org.apache.ibatis.type.TypeException: Could not resolve type alias &apos;com.welisit.crowd.entity.Admin&apos;.  Cause: java.lang.ClassNotFoundException: Cannot find class: com.welisit.crowd.entity.Admin
	at org.mybatis.spring.SqlSessionFactoryBean.buildSqlSessionFactory(SqlSessionFactoryBean.java:466)
	at org.mybatis.spring.SqlSessionFactoryBean.afterPropertiesSet(SqlSessionFactoryBean.java:340)
	at org.springframework.beans.factory.support.AbstractAutowireCapableBeanFactory.invokeInitMethods(AbstractAutowireCapableBeanFactory.java:1689)
	at org.springframework.beans.factory.support.AbstractAutowireCapableBeanFactory.initializeBean(AbstractAutowireCapableBeanFactory.java:1627)
	... 46 common frames omitted
Caused by: org.apache.ibatis.builder.BuilderException: Error parsing Mapper XML. Cause: org.apache.ibatis.builder.BuilderException: Error resolving class. Cause: org.apache.ibatis.type.TypeException: Could not resolve type alias &apos;com.welisit.crowd.entity.Admin&apos;.  Cause: java.lang.ClassNotFoundException: Cannot find class: com.welisit.crowd.entity.Admin
	at org.apache.ibatis.builder.xml.XMLMapperBuilder.configurationElement(XMLMapperBuilder.java:120)
	at org.apache.ibatis.builder.xml.XMLMapperBuilder.parse(XMLMapperBuilder.java:92)
	at org.mybatis.spring.SqlSessionFactoryBean.buildSqlSessionFactory(SqlSessionFactoryBean.java:464)
	... 49 common frames omitted
Caused by: org.apache.ibatis.builder.BuilderException: Error resolving class. Cause: org.apache.ibatis.type.TypeException: Could not resolve type alias &apos;com.welisit.crowd.entity.Admin&apos;.  Cause: java.lang.ClassNotFoundException: Cannot find class: com.welisit.crowd.entity.Admin
	at org.apache.ibatis.builder.BaseBuilder.resolveClass(BaseBuilder.java:103)
	at org.apache.ibatis.builder.xml.XMLMapperBuilder.resultMapElement(XMLMapperBuilder.java:264)
	at org.apache.ibatis.builder.xml.XMLMapperBuilder.resultMapElement(XMLMapperBuilder.java:251)
	at org.apache.ibatis.builder.xml.XMLMapperBuilder.resultMapElements(XMLMapperBuilder.java:243)
	at org.apache.ibatis.builder.xml.XMLMapperBuilder.configurationElement(XMLMapperBuilder.java:116)
	... 51 common frames omitted
Caused by: org.apache.ibatis.type.TypeException: Could not resolve type alias &apos;com.welisit.crowd.entity.Admin&apos;.  Cause: java.lang.ClassNotFoundException: Cannot find class: com.welisit.crowd.entity.Admin
	at org.apache.ibatis.type.TypeAliasRegistry.resolveAlias(TypeAliasRegistry.java:117)
	at org.apache.ibatis.builder.BaseBuilder.resolveAlias(BaseBuilder.java:130)
	at org.apache.ibatis.builder.BaseBuilder.resolveClass(BaseBuilder.java:101)
	... 55 common frames omitted
Caused by: java.lang.ClassNotFoundException: Cannot find class: com.welisit.crowd.entity.Admin
	at org.apache.ibatis.io.ClassLoaderWrapper.classForName(ClassLoaderWrapper.java:190)
	at org.apache.ibatis.io.ClassLoaderWrapper.classForName(ClassLoaderWrapper.java:89)
	at org.apache.ibatis.io.Resources.classForName(Resources.java:256)
	at org.apache.ibatis.type.TypeAliasRegistry.resolveAlias(TypeAliasRegistry.java:113)
	... 57 common frames omitted
</system-out>
  </testcase>
</testsuite>